[     277ms] [ERROR] [JavaScript Error: "Content-Security-Policy: The page’s settings blocked an inline script (script-src-elem) from being executed because it violates the following directive: “script-src 'self' https://accounts.google.com https://apis.google.com”. Consider using a hash ('sha256-6y/NAM97sjR2cg0g9WaS1+JtEeUUShtMLksYa/yTpTo=') or a nonce." {file: "http://localhost:8080/" line: 100}] @ http://localhost:8080/:100
[   21045ms] [WARNING] [JavaScript Warning: "Feature Policy: Skipping unsupported feature name “accelerometer”." {file: "http://localhost:8080/js/practice.js?v=20.11" line: 898}] @ http://localhost:8080/js/practice.js?v=20.11:898
[   21045ms] [WARNING] [JavaScript Warning: "Feature Policy: Skipping unsupported feature name “autoplay”." {file: "http://localhost:8080/js/practice.js?v=20.11" line: 898}] @ http://localhost:8080/js/practice.js?v=20.11:898
[   21045ms] [WARNING] [JavaScript Warning: "Feature Policy: Skipping unsupported feature name “clipboard-write”." {file: "http://localhost:8080/js/practice.js?v=20.11" line: 898}] @ http://localhost:8080/js/practice.js?v=20.11:898
[   21045ms] [WARNING] [JavaScript Warning: "Feature Policy: Skipping unsupported feature name “encrypted-media”." {file: "http://localhost:8080/js/practice.js?v=20.11" line: 898}] @ http://localhost:8080/js/practice.js?v=20.11:898
[   21046ms] [WARNING] [JavaScript Warning: "Feature Policy: Skipping unsupported feature name “gyroscope”." {file: "http://localhost:8080/js/practice.js?v=20.11" line: 898}] @ http://localhost:8080/js/practice.js?v=20.11:898
[   21046ms] [WARNING] [JavaScript Warning: "Feature Policy: Skipping unsupported feature name “picture-in-picture”." {file: "http://localhost:8080/js/practice.js?v=20.11" line: 898}] @ http://localhost:8080/js/practice.js?v=20.11:898
[   21046ms] [WARNING] [JavaScript Warning: "Feature Policy: Skipping unsupported feature name “autoplay”." {file: "http://localhost:8080/js/practice.js?v=20.11" line: 898}] @ http://localhost:8080/js/practice.js?v=20.11:898
[   21047ms] [WARNING] [JavaScript Warning: "Feature Policy: Skipping unsupported feature name “clipboard-write”." {file: "http://localhost:8080/js/practice.js?v=20.11" line: 898}] @ http://localhost:8080/js/practice.js?v=20.11:898
[   21048ms] [WARNING] [JavaScript Warning: "Feature Policy: Skipping unsupported feature name “encrypted-media”." {file: "http://localhost:8080/js/practice.js?v=20.11" line: 898}] @ http://localhost:8080/js/practice.js?v=20.11:898
[   21048ms] [WARNING] [JavaScript Warning: "Feature Policy: Skipping unsupported feature name “picture-in-picture”." {file: "http://localhost:8080/js/practice.js?v=20.11" line: 898}] @ http://localhost:8080/js/practice.js?v=20.11:898
[   21048ms] [WARNING] [JavaScript Warning: "Feature Policy: Skipping unsupported feature name “accelerometer”." {file: "http://localhost:8080/js/practice.js?v=20.11" line: 898}] @ http://localhost:8080/js/practice.js?v=20.11:898
[   21048ms] [WARNING] [JavaScript Warning: "Feature Policy: Skipping unsupported feature name “autoplay”." {file: "http://localhost:8080/js/practice.js?v=20.11" line: 898}] @ http://localhost:8080/js/practice.js?v=20.11:898
[   21051ms] [WARNING] [JavaScript Warning: "Feature Policy: Skipping unsupported feature name “clipboard-write”." {file: "http://localhost:8080/js/practice.js?v=20.11" line: 898}] @ http://localhost:8080/js/practice.js?v=20.11:898
[   21051ms] [WARNING] [JavaScript Warning: "Feature Policy: Skipping unsupported feature name “encrypted-media”." {file: "http://localhost:8080/js/practice.js?v=20.11" line: 898}] @ http://localhost:8080/js/practice.js?v=20.11:898
[   21053ms] [WARNING] [JavaScript Warning: "Feature Policy: Skipping unsupported feature name “gyroscope”." {file: "http://localhost:8080/js/practice.js?v=20.11" line: 898}] @ http://localhost:8080/js/practice.js?v=20.11:898
[   21054ms] [WARNING] [JavaScript Warning: "Feature Policy: Skipping unsupported feature name “picture-in-picture”." {file: "http://localhost:8080/js/practice.js?v=20.11" line: 898}] @ http://localhost:8080/js/practice.js?v=20.11:898
[   21056ms] [WARNING] [JavaScript Warning: "Feature Policy: Skipping unsupported feature name “autoplay”." {file: "http://localhost:8080/js/practice.js?v=20.11" line: 898}] @ http://localhost:8080/js/practice.js?v=20.11:898
[   21057ms] [WARNING] [JavaScript Warning: "Feature Policy: Skipping unsupported feature name “clipboard-write”." {file: "http://localhost:8080/js/practice.js?v=20.11" line: 898}] @ http://localhost:8080/js/practice.js?v=20.11:898
[   21057ms] [WARNING] [JavaScript Warning: "Feature Policy: Skipping unsupported feature name “encrypted-media”." {file: "http://localhost:8080/js/practice.js?v=20.11" line: 898}] @ http://localhost:8080/js/practice.js?v=20.11:898
[   21058ms] [WARNING] [JavaScript Warning: "Feature Policy: Skipping unsupported feature name “picture-in-picture”." {file: "http://localhost:8080/js/practice.js?v=20.11" line: 898}] @ http://localhost:8080/js/practice.js?v=20.11:898
