[   30843ms] [ERROR] [JavaScript Error: "Cross-Origin Request Blocked: The Same Origin Policy disallows reading the remote resource at https://catman-api.catmandabomb.workers.dev/data/changes. (Reason: CORS request did not succeed). Status code: (null)."] @ :0
[  369858ms] [ERROR] [JavaScript Error: "The resource from “https://fonts.googleapis.com/css2?family=Inter:opsz,wght@14..32,400;500;600;700&display=swap” was blocked due to MIME type (“text/html”) mismatch (X-Content-Type-Options: nosniff)." {file: "https://trio.catmanbeats.com/" line: 0}] @ https://trio.catmanbeats.com/:0
[  369945ms] [WARNING] [JavaScript Warning: "downloadable font: maxp: Bad maxZones: 0 (font-family: "Chakra Petch" style:normal weight:600 stretch:100 src index:0) source: https://fonts.gstatic.com/s/chakrapetch/v13/cIflMapbsEk7TDLdtEz1BwkeQI51R5_F.woff2"] @ :28
[  425228ms] [ERROR] [JavaScript Error: "The resource from “https://fonts.googleapis.com/css2?family=Inter:opsz,wght@14..32,400;500;600;700&display=swap” was blocked due to MIME type (“text/html”) mismatch (X-Content-Type-Options: nosniff)." {file: "https://trio.catmanbeats.com/#wikicharts" line: 0}] @ https://trio.catmanbeats.com/#wikicharts:0
[  425355ms] [WARNING] [JavaScript Warning: "downloadable font: maxp: Bad maxZones: 0 (font-family: "Chakra Petch" style:normal weight:600 stretch:100 src index:0) source: https://fonts.gstatic.com/s/chakrapetch/v13/cIflMapbsEk7TDLdtEz1BwkeQI51R5_F.woff2"] @ :28
[  896550ms] [ERROR] [JavaScript Error: "The resource from “https://fonts.googleapis.com/css2?family=Inter:opsz,wght@14..32,400;500;600;700&display=swap” was blocked due to MIME type (“text/html”) mismatch (X-Content-Type-Options: nosniff)." {file: "https://trio.catmanbeats.com/#wikicharts" line: 0}] @ https://trio.catmanbeats.com/#wikicharts:0
[  896800ms] [WARNING] [JavaScript Warning: "downloadable font: maxp: Bad maxZones: 0 (font-family: "Chakra Petch" style:normal weight:600 stretch:100 src index:0) source: https://fonts.gstatic.com/s/chakrapetch/v13/cIflMapbsEk7TDLdtEz1BwkeQI51R5_F.woff2"] @ :28
[  929234ms] [ERROR] [JavaScript Error: "Cross-Origin Request Blocked: The Same Origin Policy disallows reading the remote resource at https://catman-api.catmandabomb.workers.dev/data/changes. (Reason: CORS request did not succeed). Status code: (null)."] @ :0
[ 1270222ms] [ERROR] [JavaScript Error: "The resource from “https://fonts.googleapis.com/css2?family=Inter:opsz,wght@14..32,400;500;600;700&display=swap” was blocked due to MIME type (“text/html”) mismatch (X-Content-Type-Options: nosniff)." {file: "https://trio.catmanbeats.com/" line: 0}] @ https://trio.catmanbeats.com/:0
[ 1272096ms] [WARNING] Drive sync failed, using local cache Error @ https://trio.catmanbeats.com/js/sync.js?v=20.13:571
[ 1290115ms] [ERROR] [JavaScript Error: "Cross-Origin Request Blocked: The Same Origin Policy disallows reading the remote resource at https://catman-api.catmandabomb.workers.dev/data/setlists. (Reason: CORS request did not succeed). Status code: (null)."] @ :0
[ 1290116ms] [ERROR] [JavaScript Error: "Cross-Origin Request Blocked: The Same Origin Policy disallows reading the remote resource at https://catman-api.catmandabomb.workers.dev/data/practice. (Reason: CORS request did not succeed). Status code: (null)."] @ :0
[ 1290116ms] [ERROR] [JavaScript Error: "Cross-Origin Request Blocked: The Same Origin Policy disallows reading the remote resource at https://catman-api.catmandabomb.workers.dev/data/wikiCharts. (Reason: CORS request did not succeed). Status code: (null)."] @ :0
[ 1290116ms] [ERROR] [JavaScript Error: "Cross-Origin Request Blocked: The Same Origin Policy disallows reading the remote resource at https://catman-api.catmandabomb.workers.dev/data/songs. (Reason: CORS request did not succeed). Status code: (null)."] @ :0
[ 1290117ms] [ERROR] [JavaScript Error: "Cross-Origin Request Blocked: The Same Origin Policy disallows reading the remote resource at https://catman-api.catmandabomb.workers.dev/auth/me. (Reason: CORS request did not succeed). Status code: (null)."] @ :0
[ 1290117ms] [WARNING] Drive sync failed, using local cache Error @ https://trio.catmanbeats.com/js/sync.js?v=20.13:571
[ 1290121ms] [ERROR] [JavaScript Error: "Cross-Origin Request Blocked: The Same Origin Policy disallows reading the remote resource at https://catman-api.catmandabomb.workers.dev/data/setlists. (Reason: CORS request did not succeed). Status code: (null)."] @ :0
[ 1290124ms] [ERROR] [JavaScript Error: "Cross-Origin Request Blocked: The Same Origin Policy disallows reading the remote resource at https://catman-api.catmandabomb.workers.dev/data/practice. (Reason: CORS request did not succeed). Status code: (null)."] @ :0
[ 1290124ms] [ERROR] [JavaScript Error: "Cross-Origin Request Blocked: The Same Origin Policy disallows reading the remote resource at https://catman-api.catmandabomb.workers.dev/data/wikiCharts. (Reason: CORS request did not succeed). Status code: (null)."] @ :0
[ 1290124ms] [ERROR] [JavaScript Error: "Cross-Origin Request Blocked: The Same Origin Policy disallows reading the remote resource at https://catman-api.catmandabomb.workers.dev/data/songs. (Reason: CORS request did not succeed). Status code: (null)."] @ :0
[ 1290124ms] [ERROR] [JavaScript Error: "Cross-Origin Request Blocked: The Same Origin Policy disallows reading the remote resource at https://catman-api.catmandabomb.workers.dev/auth/me. (Reason: CORS request did not succeed). Status code: (null)."] @ :0
[ 1309394ms] [ERROR] [JavaScript Error: "The resource from “https://fonts.googleapis.com/css2?family=Inter:opsz,wght@14..32,400;500;600;700&display=swap” was blocked due to MIME type (“text/html”) mismatch (X-Content-Type-Options: nosniff)." {file: "https://trio.catmanbeats.com/" line: 0}] @ https://trio.catmanbeats.com/:0
[ 1403017ms] [ERROR] [JavaScript Error: "Cross-Origin Request Blocked: The Same Origin Policy disallows reading the remote resource at https://catman-api.catmandabomb.workers.dev/data/changes. (Reason: CORS request did not succeed). Status code: (null)."] @ :0
[ 2273182ms] [ERROR] [JavaScript Error: "Cross-Origin Request Blocked: The Same Origin Policy disallows reading the remote resource at https://catman-api.catmandabomb.workers.dev/data/changes. (Reason: CORS request did not succeed). Status code: (null)."] @ :0
[ 3441282ms] [ERROR] [JavaScript Error: "The resource from “https://fonts.googleapis.com/css2?family=Inter:opsz,wght@14..32,400;500;600;700&display=swap” was blocked due to MIME type (“text/html”) mismatch (X-Content-Type-Options: nosniff)." {file: "https://trio.catmanbeats.com/" line: 0}] @ https://trio.catmanbeats.com/:0
[ 3452150ms] [WARNING] Drive sync failed, using local cache Error @ https://trio.catmanbeats.com/js/sync.js?v=20.13:571
[ 3452168ms] [WARNING] [JavaScript Warning: "downloadable font: maxp: Bad maxZones: 0 (font-family: "Chakra Petch" style:normal weight:600 stretch:100 src index:0) source: https://fonts.gstatic.com/s/chakrapetch/v13/cIflMapbsEk7TDLdtEz1BwkeQI51R5_F.woff2"] @ :28
[ 3551626ms] [ERROR] [JavaScript Error: "The resource from “https://fonts.googleapis.com/css2?family=Inter:opsz,wght@14..32,400;500;600;700&display=swap” was blocked due to MIME type (“text/html”) mismatch (X-Content-Type-Options: nosniff)." {file: "https://trio.catmanbeats.com/" line: 0}] @ https://trio.catmanbeats.com/:0
[ 3600589ms] [WARNING] [JavaScript Warning: "downloadable font: maxp: Bad maxZones: 0 (font-family: "Chakra Petch" style:normal weight:600 stretch:100 src index:0) source: https://fonts.gstatic.com/s/chakrapetch/v13/cIflMapbsEk7TDLdtEz1BwkeQI51R5_F.woff2"] @ :28
[ 3600608ms] [WARNING] Drive sync failed, using local cache Error @ https://trio.catmanbeats.com/js/sync.js?v=20.13:571
[ 3601759ms] [WARNING] [JavaScript Warning: "downloadable font: maxp: Bad maxZones: 0 (font-family: "Chakra Petch" style:normal weight:600 stretch:100 src index:0) source: https://fonts.gstatic.com/s/chakrapetch/v13/cIflMapbsEk7TDLdtEz1BwkeQI51R5_F.woff2"] @ :28
[ 3613583ms] [ERROR] [JavaScript Error: "The resource from “https://fonts.googleapis.com/css2?family=Inter:opsz,wght@14..32,400;500;600;700&display=swap” was blocked due to MIME type (“text/html”) mismatch (X-Content-Type-Options: nosniff)." {file: "https://trio.catmanbeats.com/" line: 0}] @ https://trio.catmanbeats.com/:0
[ 3624679ms] [WARNING] [JavaScript Warning: "downloadable font: maxp: Bad maxZones: 0 (font-family: "Chakra Petch" style:normal weight:600 stretch:100 src index:0) source: https://fonts.gstatic.com/s/chakrapetch/v13/cIflMapbsEk7TDLdtEz1BwkeQI51R5_F.woff2"] @ :28
[ 3624692ms] [WARNING] Drive sync failed, using local cache Error @ https://trio.catmanbeats.com/js/sync.js?v=20.13:571
[ 3627049ms] [WARNING] [JavaScript Warning: "downloadable font: maxp: Bad maxZones: 0 (font-family: "Chakra Petch" style:normal weight:600 stretch:100 src index:0) source: https://fonts.gstatic.com/s/chakrapetch/v13/cIflMapbsEk7TDLdtEz1BwkeQI51R5_F.woff2"] @ :28
[ 3628633ms] [ERROR] [JavaScript Error: "The resource from “https://fonts.googleapis.com/css2?family=Inter:opsz,wght@14..32,400;500;600;700&display=swap” was blocked due to MIME type (“text/html”) mismatch (X-Content-Type-Options: nosniff)." {file: "https://trio.catmanbeats.com/" line: 0}] @ https://trio.catmanbeats.com/:0
[ 3644597ms] [WARNING] Drive sync failed, using local cache Error @ https://trio.catmanbeats.com/js/sync.js?v=20.13:571
