[     242ms] [ERROR] [JavaScript Error: "Content-Security-Policy: The page’s settings blocked an inline script (script-src-elem) from being executed because it violates the following directive: “script-src 'self' https://accounts.google.com https://apis.google.com”. Consider using a hash ('sha256-6y/NAM97sjR2cg0g9WaS1+JtEeUUShtMLksYa/yTpTo=') or a nonce." {file: "http://localhost:8080/" line: 100}] @ http://localhost:8080/:100
[   16634ms] [WARNING] [JavaScript Warning: "Feature Policy: Skipping unsupported feature name “accelerometer”." {file: "http://localhost:8080/js/practice.js?v=20.11" line: 898}] @ http://localhost:8080/js/practice.js?v=20.11:898
[   16635ms] [WARNING] [JavaScript Warning: "Feature Policy: Skipping unsupported feature name “autoplay”." {file: "http://localhost:8080/js/practice.js?v=20.11" line: 898}] @ http://localhost:8080/js/practice.js?v=20.11:898
[   16635ms] [WARNING] [JavaScript Warning: "Feature Policy: Skipping unsupported feature name “clipboard-write”." {file: "http://localhost:8080/js/practice.js?v=20.11" line: 898}] @ http://localhost:8080/js/practice.js?v=20.11:898
[   16635ms] [WARNING] [JavaScript Warning: "Feature Policy: Skipping unsupported feature name “encrypted-media”." {file: "http://localhost:8080/js/practice.js?v=20.11" line: 898}] @ http://localhost:8080/js/practice.js?v=20.11:898
[   16635ms] [WARNING] [JavaScript Warning: "Feature Policy: Skipping unsupported feature name “gyroscope”." {file: "http://localhost:8080/js/practice.js?v=20.11" line: 898}] @ http://localhost:8080/js/practice.js?v=20.11:898
[   16635ms] [WARNING] [JavaScript Warning: "Feature Policy: Skipping unsupported feature name “picture-in-picture”." {file: "http://localhost:8080/js/practice.js?v=20.11" line: 898}] @ http://localhost:8080/js/practice.js?v=20.11:898
[   16635ms] [WARNING] [JavaScript Warning: "Feature Policy: Skipping unsupported feature name “autoplay”." {file: "http://localhost:8080/js/practice.js?v=20.11" line: 898}] @ http://localhost:8080/js/practice.js?v=20.11:898
[   16635ms] [WARNING] [JavaScript Warning: "Feature Policy: Skipping unsupported feature name “clipboard-write”." {file: "http://localhost:8080/js/practice.js?v=20.11" line: 898}] @ http://localhost:8080/js/practice.js?v=20.11:898
[   16636ms] [WARNING] [JavaScript Warning: "Feature Policy: Skipping unsupported feature name “encrypted-media”." {file: "http://localhost:8080/js/practice.js?v=20.11" line: 898}] @ http://localhost:8080/js/practice.js?v=20.11:898
[   16636ms] [WARNING] [JavaScript Warning: "Feature Policy: Skipping unsupported feature name “picture-in-picture”." {file: "http://localhost:8080/js/practice.js?v=20.11" line: 898}] @ http://localhost:8080/js/practice.js?v=20.11:898
[   16639ms] [WARNING] [JavaScript Warning: "Feature Policy: Skipping unsupported feature name “accelerometer”." {file: "http://localhost:8080/js/practice.js?v=20.11" line: 898}] @ http://localhost:8080/js/practice.js?v=20.11:898
[   16640ms] [WARNING] [JavaScript Warning: "Feature Policy: Skipping unsupported feature name “autoplay”." {file: "http://localhost:8080/js/practice.js?v=20.11" line: 898}] @ http://localhost:8080/js/practice.js?v=20.11:898
[   16640ms] [WARNING] [JavaScript Warning: "Feature Policy: Skipping unsupported feature name “clipboard-write”." {file: "http://localhost:8080/js/practice.js?v=20.11" line: 898}] @ http://localhost:8080/js/practice.js?v=20.11:898
[   16640ms] [WARNING] [JavaScript Warning: "Feature Policy: Skipping unsupported feature name “encrypted-media”." {file: "http://localhost:8080/js/practice.js?v=20.11" line: 898}] @ http://localhost:8080/js/practice.js?v=20.11:898
[   16640ms] [WARNING] [JavaScript Warning: "Feature Policy: Skipping unsupported feature name “gyroscope”." {file: "http://localhost:8080/js/practice.js?v=20.11" line: 898}] @ http://localhost:8080/js/practice.js?v=20.11:898
[   16640ms] [WARNING] [JavaScript Warning: "Feature Policy: Skipping unsupported feature name “picture-in-picture”." {file: "http://localhost:8080/js/practice.js?v=20.11" line: 898}] @ http://localhost:8080/js/practice.js?v=20.11:898
[   16640ms] [WARNING] [JavaScript Warning: "Feature Policy: Skipping unsupported feature name “autoplay”." {file: "http://localhost:8080/js/practice.js?v=20.11" line: 898}] @ http://localhost:8080/js/practice.js?v=20.11:898
[   16641ms] [WARNING] [JavaScript Warning: "Feature Policy: Skipping unsupported feature name “clipboard-write”." {file: "http://localhost:8080/js/practice.js?v=20.11" line: 898}] @ http://localhost:8080/js/practice.js?v=20.11:898
[   16641ms] [WARNING] [JavaScript Warning: "Feature Policy: Skipping unsupported feature name “encrypted-media”." {file: "http://localhost:8080/js/practice.js?v=20.11" line: 898}] @ http://localhost:8080/js/practice.js?v=20.11:898
[   16641ms] [WARNING] [JavaScript Warning: "Feature Policy: Skipping unsupported feature name “picture-in-picture”." {file: "http://localhost:8080/js/practice.js?v=20.11" line: 898}] @ http://localhost:8080/js/practice.js?v=20.11:898
[   81766ms] [ERROR] [JavaScript Error: "The resource from “https://fonts.googleapis.com/css2?family=Inter:opsz,wght@14..32,400;500;600;700&display=swap” was blocked due to MIME type (“text/html”) mismatch (X-Content-Type-Options: nosniff)." {file: "http://localhost:8080/" line: 0}] @ http://localhost:8080/:0
[   81792ms] [ERROR] [JavaScript Error: "Content-Security-Policy: The page’s settings blocked an inline script (script-src-elem) from being executed because it violates the following directive: “script-src 'self' https://accounts.google.com https://apis.google.com”. Consider using a hash ('sha256-6y/NAM97sjR2cg0g9WaS1+JtEeUUShtMLksYa/yTpTo=') or a nonce." {file: "http://localhost:8080/" line: 100}] @ http://localhost:8080/:100
[   83779ms] [ERROR] [JavaScript Error: "Content-Security-Policy: The page’s settings blocked an inline script (script-src-elem) from being executed because it violates the following directive: “script-src 'self' https://accounts.google.com https://apis.google.com”. Consider using a hash ('sha256-6y/NAM97sjR2cg0g9WaS1+JtEeUUShtMLksYa/yTpTo=') or a nonce." {file: "http://localhost:8080/" line: 100}] @ http://localhost:8080/:100
[  111701ms] [WARNING] [JavaScript Warning: "Feature Policy: Skipping unsupported feature name “accelerometer”." {file: "http://localhost:8080/js/practice.js?v=20.11" line: 898}] @ http://localhost:8080/js/practice.js?v=20.11:898
[  111701ms] [WARNING] [JavaScript Warning: "Feature Policy: Skipping unsupported feature name “autoplay”." {file: "http://localhost:8080/js/practice.js?v=20.11" line: 898}] @ http://localhost:8080/js/practice.js?v=20.11:898
[  111701ms] [WARNING] [JavaScript Warning: "Feature Policy: Skipping unsupported feature name “clipboard-write”." {file: "http://localhost:8080/js/practice.js?v=20.11" line: 898}] @ http://localhost:8080/js/practice.js?v=20.11:898
[  111702ms] [WARNING] [JavaScript Warning: "Feature Policy: Skipping unsupported feature name “encrypted-media”." {file: "http://localhost:8080/js/practice.js?v=20.11" line: 898}] @ http://localhost:8080/js/practice.js?v=20.11:898
[  111702ms] [WARNING] [JavaScript Warning: "Feature Policy: Skipping unsupported feature name “gyroscope”." {file: "http://localhost:8080/js/practice.js?v=20.11" line: 898}] @ http://localhost:8080/js/practice.js?v=20.11:898
[  111702ms] [WARNING] [JavaScript Warning: "Feature Policy: Skipping unsupported feature name “picture-in-picture”." {file: "http://localhost:8080/js/practice.js?v=20.11" line: 898}] @ http://localhost:8080/js/practice.js?v=20.11:898
[  111702ms] [WARNING] [JavaScript Warning: "Feature Policy: Skipping unsupported feature name “autoplay”." {file: "http://localhost:8080/js/practice.js?v=20.11" line: 898}] @ http://localhost:8080/js/practice.js?v=20.11:898
[  111702ms] [WARNING] [JavaScript Warning: "Feature Policy: Skipping unsupported feature name “clipboard-write”." {file: "http://localhost:8080/js/practice.js?v=20.11" line: 898}] @ http://localhost:8080/js/practice.js?v=20.11:898
[  111703ms] [WARNING] [JavaScript Warning: "Feature Policy: Skipping unsupported feature name “encrypted-media”." {file: "http://localhost:8080/js/practice.js?v=20.11" line: 898}] @ http://localhost:8080/js/practice.js?v=20.11:898
[  111703ms] [WARNING] [JavaScript Warning: "Feature Policy: Skipping unsupported feature name “picture-in-picture”." {file: "http://localhost:8080/js/practice.js?v=20.11" line: 898}] @ http://localhost:8080/js/practice.js?v=20.11:898
[  111703ms] [WARNING] [JavaScript Warning: "Feature Policy: Skipping unsupported feature name “accelerometer”." {file: "http://localhost:8080/js/practice.js?v=20.11" line: 898}] @ http://localhost:8080/js/practice.js?v=20.11:898
[  111703ms] [WARNING] [JavaScript Warning: "Feature Policy: Skipping unsupported feature name “autoplay”." {file: "http://localhost:8080/js/practice.js?v=20.11" line: 898}] @ http://localhost:8080/js/practice.js?v=20.11:898
[  111703ms] [WARNING] [JavaScript Warning: "Feature Policy: Skipping unsupported feature name “clipboard-write”." {file: "http://localhost:8080/js/practice.js?v=20.11" line: 898}] @ http://localhost:8080/js/practice.js?v=20.11:898
[  111706ms] [WARNING] [JavaScript Warning: "Feature Policy: Skipping unsupported feature name “encrypted-media”." {file: "http://localhost:8080/js/practice.js?v=20.11" line: 898}] @ http://localhost:8080/js/practice.js?v=20.11:898
[  111707ms] [WARNING] [JavaScript Warning: "Feature Policy: Skipping unsupported feature name “gyroscope”." {file: "http://localhost:8080/js/practice.js?v=20.11" line: 898}] @ http://localhost:8080/js/practice.js?v=20.11:898
[  111707ms] [WARNING] [JavaScript Warning: "Feature Policy: Skipping unsupported feature name “picture-in-picture”." {file: "http://localhost:8080/js/practice.js?v=20.11" line: 898}] @ http://localhost:8080/js/practice.js?v=20.11:898
[  111707ms] [WARNING] [JavaScript Warning: "Feature Policy: Skipping unsupported feature name “autoplay”." {file: "http://localhost:8080/js/practice.js?v=20.11" line: 898}] @ http://localhost:8080/js/practice.js?v=20.11:898
[  111708ms] [WARNING] [JavaScript Warning: "Feature Policy: Skipping unsupported feature name “clipboard-write”." {file: "http://localhost:8080/js/practice.js?v=20.11" line: 898}] @ http://localhost:8080/js/practice.js?v=20.11:898
[  111708ms] [WARNING] [JavaScript Warning: "Feature Policy: Skipping unsupported feature name “encrypted-media”." {file: "http://localhost:8080/js/practice.js?v=20.11" line: 898}] @ http://localhost:8080/js/practice.js?v=20.11:898
[  111708ms] [WARNING] [JavaScript Warning: "Feature Policy: Skipping unsupported feature name “picture-in-picture”." {file: "http://localhost:8080/js/practice.js?v=20.11" line: 898}] @ http://localhost:8080/js/practice.js?v=20.11:898
[  114085ms] [ERROR] [JavaScript Error: "Cross-Origin Request Blocked: The Same Origin Policy disallows reading the remote resource at https://catman-api.catmandabomb.workers.dev/data/changes. (Reason: CORS request did not succeed). Status code: (null)."] @ :0
