[     155ms] [ERROR] [JavaScript Error: "The resource from “https://fonts.googleapis.com/css2?family=Inter:opsz,wght@14..32,400;500;600;700&display=swap” was blocked due to MIME type (“text/html”) mismatch (X-Content-Type-Options: nosniff)." {file: "http://localhost:8080/" line: 0}] @ http://localhost:8080/:0
[     188ms] [ERROR] [JavaScript Error: "Content-Security-Policy: The page’s settings blocked an inline script (script-src-elem) from being executed because it violates the following directive: “script-src 'self' https://accounts.google.com https://apis.google.com”. Consider using a hash ('sha256-6y/NAM97sjR2cg0g9WaS1+JtEeUUShtMLksYa/yTpTo=') or a nonce." {file: "http://localhost:8080/" line: 100}] @ http://localhost:8080/:100
[    2309ms] [ERROR] [JavaScript Error: "Content-Security-Policy: The page’s settings blocked an inline script (script-src-elem) from being executed because it violates the following directive: “script-src 'self' https://accounts.google.com https://apis.google.com”. Consider using a hash ('sha256-6y/NAM97sjR2cg0g9WaS1+JtEeUUShtMLksYa/yTpTo=') or a nonce." {file: "http://localhost:8080/" line: 100}] @ http://localhost:8080/:100
[   32446ms] [WARNING] [JavaScript Warning: "Feature Policy: Skipping unsupported feature name “accelerometer”." {file: "http://localhost:8080/js/practice.js?v=20.11" line: 898}] @ http://localhost:8080/js/practice.js?v=20.11:898
[   32446ms] [WARNING] [JavaScript Warning: "Feature Policy: Skipping unsupported feature name “autoplay”." {file: "http://localhost:8080/js/practice.js?v=20.11" line: 898}] @ http://localhost:8080/js/practice.js?v=20.11:898
[   32447ms] [WARNING] [JavaScript Warning: "Feature Policy: Skipping unsupported feature name “clipboard-write”." {file: "http://localhost:8080/js/practice.js?v=20.11" line: 898}] @ http://localhost:8080/js/practice.js?v=20.11:898
[   32447ms] [WARNING] [JavaScript Warning: "Feature Policy: Skipping unsupported feature name “encrypted-media”." {file: "http://localhost:8080/js/practice.js?v=20.11" line: 898}] @ http://localhost:8080/js/practice.js?v=20.11:898
[   32447ms] [WARNING] [JavaScript Warning: "Feature Policy: Skipping unsupported feature name “gyroscope”." {file: "http://localhost:8080/js/practice.js?v=20.11" line: 898}] @ http://localhost:8080/js/practice.js?v=20.11:898
[   32447ms] [WARNING] [JavaScript Warning: "Feature Policy: Skipping unsupported feature name “picture-in-picture”." {file: "http://localhost:8080/js/practice.js?v=20.11" line: 898}] @ http://localhost:8080/js/practice.js?v=20.11:898
[   32447ms] [WARNING] [JavaScript Warning: "Feature Policy: Skipping unsupported feature name “autoplay”." {file: "http://localhost:8080/js/practice.js?v=20.11" line: 898}] @ http://localhost:8080/js/practice.js?v=20.11:898
[   32447ms] [WARNING] [JavaScript Warning: "Feature Policy: Skipping unsupported feature name “clipboard-write”." {file: "http://localhost:8080/js/practice.js?v=20.11" line: 898}] @ http://localhost:8080/js/practice.js?v=20.11:898
[   32447ms] [WARNING] [JavaScript Warning: "Feature Policy: Skipping unsupported feature name “encrypted-media”." {file: "http://localhost:8080/js/practice.js?v=20.11" line: 898}] @ http://localhost:8080/js/practice.js?v=20.11:898
[   32447ms] [WARNING] [JavaScript Warning: "Feature Policy: Skipping unsupported feature name “picture-in-picture”." {file: "http://localhost:8080/js/practice.js?v=20.11" line: 898}] @ http://localhost:8080/js/practice.js?v=20.11:898
[   32447ms] [WARNING] [JavaScript Warning: "Feature Policy: Skipping unsupported feature name “accelerometer”." {file: "http://localhost:8080/js/practice.js?v=20.11" line: 898}] @ http://localhost:8080/js/practice.js?v=20.11:898
[   32447ms] [WARNING] [JavaScript Warning: "Feature Policy: Skipping unsupported feature name “autoplay”." {file: "http://localhost:8080/js/practice.js?v=20.11" line: 898}] @ http://localhost:8080/js/practice.js?v=20.11:898
[   32447ms] [WARNING] [JavaScript Warning: "Feature Policy: Skipping unsupported feature name “clipboard-write”." {file: "http://localhost:8080/js/practice.js?v=20.11" line: 898}] @ http://localhost:8080/js/practice.js?v=20.11:898
[   32447ms] [WARNING] [JavaScript Warning: "Feature Policy: Skipping unsupported feature name “encrypted-media”." {file: "http://localhost:8080/js/practice.js?v=20.11" line: 898}] @ http://localhost:8080/js/practice.js?v=20.11:898
[   32447ms] [WARNING] [JavaScript Warning: "Feature Policy: Skipping unsupported feature name “gyroscope”." {file: "http://localhost:8080/js/practice.js?v=20.11" line: 898}] @ http://localhost:8080/js/practice.js?v=20.11:898
[   32450ms] [WARNING] [JavaScript Warning: "Feature Policy: Skipping unsupported feature name “picture-in-picture”." {file: "http://localhost:8080/js/practice.js?v=20.11" line: 898}] @ http://localhost:8080/js/practice.js?v=20.11:898
[   32451ms] [WARNING] [JavaScript Warning: "Feature Policy: Skipping unsupported feature name “autoplay”." {file: "http://localhost:8080/js/practice.js?v=20.11" line: 898}] @ http://localhost:8080/js/practice.js?v=20.11:898
[   32451ms] [WARNING] [JavaScript Warning: "Feature Policy: Skipping unsupported feature name “clipboard-write”." {file: "http://localhost:8080/js/practice.js?v=20.11" line: 898}] @ http://localhost:8080/js/practice.js?v=20.11:898
[   32451ms] [WARNING] [JavaScript Warning: "Feature Policy: Skipping unsupported feature name “encrypted-media”." {file: "http://localhost:8080/js/practice.js?v=20.11" line: 898}] @ http://localhost:8080/js/practice.js?v=20.11:898
[   32451ms] [WARNING] [JavaScript Warning: "Feature Policy: Skipping unsupported feature name “picture-in-picture”." {file: "http://localhost:8080/js/practice.js?v=20.11" line: 898}] @ http://localhost:8080/js/practice.js?v=20.11:898
[  161055ms] ReferenceError: _updateLoopUI is not defined
    at _updateProgress (http://localhost:8080/player.js?v=20.11:425:9)
    at FrameRequestCallback*_updateProgress (http://localhost:8080/player.js?v=20.11:438:16)
    at FrameRequestCallback*_updateProgress (http://localhost:8080/player.js?v=20.11:438:16)
    at FrameRequestCallback*_updateProgress (http://localhost:8080/player.js?v=20.11:438:16)
    at FrameRequestCallback*_updateProgress (http://localhost:8080/player.js?v=20.11:438:16)
    at FrameRequestCallback*_updateProgress (http://localhost:8080/player.js?v=20.11:438:16)
    at FrameRequestCallback*_updateProgress (http://localhost:8080/player.js?v=20.11:438:16)
    at FrameRequestCallback*_updateProgress (http://localhost:8080/player.js?v=20.11:438:16)
    at FrameRequestCallback*_updateProgress (http://localhost:8080/player.js?v=20.11:438:16)
    at FrameRequestCallback*_updateProgress (http://localhost:8080/player.js?v=20.11:438:16)
    at FrameRequestCallback*_updateProgress (http://localhost:8080/player.js?v=20.11:438:16)
    at FrameRequestCallback*_updateProgress (http://localhost:8080/player.js?v=20.11:438:16)
    at FrameRequestCallback*_updateProgress (http://localhost:8080/player.js?v=20.11:438:16)
    at FrameRequestCallback*_updateProgress (http://localhost:8080/player.js?v=20.11:438:16)
    at FrameRequestCallback*_updateProgress (http://localhost:8080/player.js?v=20.11:438:16)
    at FrameRequestCallback*_updateProgress (http://localhost:8080/player.js?v=20.11:438:16)
    at FrameRequestCallback*_updateProgress (http://localhost:8080/player.js?v=20.11:438:16)
    at FrameRequestCallback*_updateProgress (http://localhost:8080/player.js?v=20.11:438:16)
    at FrameRequestCallback*_updateProgress (http://localhost:8080/player.js?v=20.11:438:16)
    at FrameRequestCallback*_updateProgress (http://localhost:8080/player.js?v=20.11:438:16)
    at FrameRequestCallback*_updateProgress (http://localhost:8080/player.js?v=20.11:438:16)
    at FrameRequestCallback*_updateProgress (http://localhost:8080/player.js?v=20.11:438:16)
    at FrameRequestCallback*_updateProgress (http://localhost:8080/player.js?v=20.11:438:16)
    at FrameRequestCallback*_updateProgress (http://localhost:8080/player.js?v=20.11:438:16)
    at FrameRequestCallback*_updateProgress (http://localhost:8080/player.js?v=20.11:438:16)
    at FrameRequestCallback*_updateProgress (http://localhost:8080/player.js?v=20.11:438:16)
    at FrameRequestCallback*_updateProgress (http://localhost:8080/player.js?v=20.11:438:16)
    at FrameRequestCallback*_updateProgress (http://localhost:8080/player.js?v=20.11:438:16)
    at FrameRequestCallback*_updateProgress (http://localhost:8080/player.js?v=20.11:438:16)
    at FrameRequestCallback*_updateProgress (http://localhost:8080/player.js?v=20.11:438:16)
    at FrameRequestCallback*_updateProgress (http://localhost:8080/player.js?v=20.11:438:16)
    at FrameRequestCallback*_updateProgress (http://localhost:8080/player.js?v=20.11:438:16)
    at FrameRequestCallback*_updateProgress (http://localhost:8080/player.js?v=20.11:438:16)
    at FrameRequestCallback*_updateProgress (http://localhost:8080/player.js?v=20.11:438:16)
    at FrameRequestCallback*_updateProgress (http://localhost:8080/player.js?v=20.11:438:16)
    at FrameRequestCallback*_updateProgress (http://localhost:8080/player.js?v=20.11:438:16)
    at FrameRequestCallback*_updateProgress (http://localhost:8080/player.js?v=20.11:438:16)
    at FrameRequestCallback*_updateProgress (http://localhost:8080/player.js?v=20.11:438:16)
    at FrameRequestCallback*_updateProgress (http://localhost:8080/player.js?v=20.11:438:16)
    at FrameRequestCallback*_updateProgress (http://localhost:8080/player.js?v=20.11:438:16)
    at FrameRequestCallback*_updateProgress (http://localhost:8080/player.js?v=20.11:438:16)
    at FrameRequestCallback*_updateProgress (http://localhost:8080/player.js?v=20.11:438:16)
    at FrameRequestCallback*_updateProgress (http://localhost:8080/player.js?v=20.11:438:16)
    at FrameRequestCallback*_updateProgress (http://localhost:8080/player.js?v=20.11:438:16)
    at FrameRequestCallback*_updateProgress (http://localhost:8080/player.js?v=20.11:438:16)
    at FrameRequestCallback*_updateProgress (http://localhost:8080/player.js?v=20.11:438:16)
    at FrameRequestCallback*_updateProgress (http://localhost:8080/player.js?v=20.11:438:16)
    at FrameRequestCallback*_updateProgress (http://localhost:8080/player.js?v=20.11:438:16)
    at FrameRequestCallback*_updateProgress (http://localhost:8080/player.js?v=20.11:438:16)
    at FrameRequestCallback*_updateProgress (http://localhost:8080/player.js?v=20.11:438:16)
    at FrameRequestCallback*_updateProgress (http://localhost:8080/player.js?v=20.11:438:16)
    at FrameRequestCallback*_updateProgress (http://localhost:8080/player.js?v=20.11:438:16)
    at FrameRequestCallback*_updateProgress (http://localhost:8080/player.js?v=20.11:438:16)
[  423596ms] [ERROR] [JavaScript Error: "Cross-Origin Request Blocked: The Same Origin Policy disallows reading the remote resource at https://catman-api.catmandabomb.workers.dev/data/changes. (Reason: CORS request did not succeed). Status code: (null)."] @ :0
[  607550ms] [WARNING] [JavaScript Warning: "Feature Policy: Skipping unsupported feature name “accelerometer”." {file: "http://localhost:8080/js/practice.js?v=20.11" line: 898}] @ http://localhost:8080/js/practice.js?v=20.11:898
[  607550ms] [WARNING] [JavaScript Warning: "Feature Policy: Skipping unsupported feature name “autoplay”." {file: "http://localhost:8080/js/practice.js?v=20.11" line: 898}] @ http://localhost:8080/js/practice.js?v=20.11:898
[  607550ms] [WARNING] [JavaScript Warning: "Feature Policy: Skipping unsupported feature name “clipboard-write”." {file: "http://localhost:8080/js/practice.js?v=20.11" line: 898}] @ http://localhost:8080/js/practice.js?v=20.11:898
[  607551ms] [WARNING] [JavaScript Warning: "Feature Policy: Skipping unsupported feature name “encrypted-media”." {file: "http://localhost:8080/js/practice.js?v=20.11" line: 898}] @ http://localhost:8080/js/practice.js?v=20.11:898
[  607551ms] [WARNING] [JavaScript Warning: "Feature Policy: Skipping unsupported feature name “gyroscope”." {file: "http://localhost:8080/js/practice.js?v=20.11" line: 898}] @ http://localhost:8080/js/practice.js?v=20.11:898
[  607551ms] [WARNING] [JavaScript Warning: "Feature Policy: Skipping unsupported feature name “picture-in-picture”." {file: "http://localhost:8080/js/practice.js?v=20.11" line: 898}] @ http://localhost:8080/js/practice.js?v=20.11:898
[  607551ms] [WARNING] [JavaScript Warning: "Feature Policy: Skipping unsupported feature name “autoplay”." {file: "http://localhost:8080/js/practice.js?v=20.11" line: 898}] @ http://localhost:8080/js/practice.js?v=20.11:898
[  607552ms] [WARNING] [JavaScript Warning: "Feature Policy: Skipping unsupported feature name “clipboard-write”." {file: "http://localhost:8080/js/practice.js?v=20.11" line: 898}] @ http://localhost:8080/js/practice.js?v=20.11:898
[  607552ms] [WARNING] [JavaScript Warning: "Feature Policy: Skipping unsupported feature name “encrypted-media”." {file: "http://localhost:8080/js/practice.js?v=20.11" line: 898}] @ http://localhost:8080/js/practice.js?v=20.11:898
[  607552ms] [WARNING] [JavaScript Warning: "Feature Policy: Skipping unsupported feature name “picture-in-picture”." {file: "http://localhost:8080/js/practice.js?v=20.11" line: 898}] @ http://localhost:8080/js/practice.js?v=20.11:898
[  607553ms] [WARNING] [JavaScript Warning: "Feature Policy: Skipping unsupported feature name “accelerometer”." {file: "http://localhost:8080/js/practice.js?v=20.11" line: 898}] @ http://localhost:8080/js/practice.js?v=20.11:898
[  607553ms] [WARNING] [JavaScript Warning: "Feature Policy: Skipping unsupported feature name “autoplay”." {file: "http://localhost:8080/js/practice.js?v=20.11" line: 898}] @ http://localhost:8080/js/practice.js?v=20.11:898
[  607553ms] [WARNING] [JavaScript Warning: "Feature Policy: Skipping unsupported feature name “clipboard-write”." {file: "http://localhost:8080/js/practice.js?v=20.11" line: 898}] @ http://localhost:8080/js/practice.js?v=20.11:898
[  607553ms] [WARNING] [JavaScript Warning: "Feature Policy: Skipping unsupported feature name “encrypted-media”." {file: "http://localhost:8080/js/practice.js?v=20.11" line: 898}] @ http://localhost:8080/js/practice.js?v=20.11:898
[  607553ms] [WARNING] [JavaScript Warning: "Feature Policy: Skipping unsupported feature name “gyroscope”." {file: "http://localhost:8080/js/practice.js?v=20.11" line: 898}] @ http://localhost:8080/js/practice.js?v=20.11:898
[  607553ms] [WARNING] [JavaScript Warning: "Feature Policy: Skipping unsupported feature name “picture-in-picture”." {file: "http://localhost:8080/js/practice.js?v=20.11" line: 898}] @ http://localhost:8080/js/practice.js?v=20.11:898
[  607554ms] [WARNING] [JavaScript Warning: "Feature Policy: Skipping unsupported feature name “autoplay”." {file: "http://localhost:8080/js/practice.js?v=20.11" line: 898}] @ http://localhost:8080/js/practice.js?v=20.11:898
[  607554ms] [WARNING] [JavaScript Warning: "Feature Policy: Skipping unsupported feature name “clipboard-write”." {file: "http://localhost:8080/js/practice.js?v=20.11" line: 898}] @ http://localhost:8080/js/practice.js?v=20.11:898
[  607554ms] [WARNING] [JavaScript Warning: "Feature Policy: Skipping unsupported feature name “encrypted-media”." {file: "http://localhost:8080/js/practice.js?v=20.11" line: 898}] @ http://localhost:8080/js/practice.js?v=20.11:898
[  607554ms] [WARNING] [JavaScript Warning: "Feature Policy: Skipping unsupported feature name “picture-in-picture”." {file: "http://localhost:8080/js/practice.js?v=20.11" line: 898}] @ http://localhost:8080/js/practice.js?v=20.11:898
