[     659ms] [WARNING] [JavaScript Warning: "Loading failed for the <script> with source “https://static.cloudflareinsights.com/beacon.min.js/v8c78df7c7c0f484497ecbca7046644da1771523124516”." {file: "https://trio.catmanbeats.com/" line: 435}] @ https://trio.catmanbeats.com/:435
[     663ms] [ERROR] [JavaScript Error: "Content-Security-Policy: The page’s settings blocked an inline script (script-src-elem) from being executed because it violates the following directive: “script-src 'self' https://accounts.google.com https://apis.google.com”. Consider using a hash ('sha256-6y/NAM97sjR2cg0g9WaS1+JtEeUUShtMLksYa/yTpTo=') or a nonce." {file: "https://trio.catmanbeats.com/" line: 100}] @ https://trio.catmanbeats.com/:100
[     664ms] [ERROR] [JavaScript Error: "Content-Security-Policy: The page’s settings blocked a script (script-src-elem) at https://static.cloudflareinsights.com/beacon.min.js/v8c78df7c7c0f484497ecbca7046644da1771523124516 from being executed because it violates the following directive: “script-src 'self' https://accounts.google.com https://apis.google.com”" {file: "https://trio.catmanbeats.com/" line: 0}] @ https://trio.catmanbeats.com/:0
[     739ms] [WARNING] [JavaScript Warning: "downloadable font: maxp: Bad maxZones: 0 (font-family: "Chakra Petch" style:normal weight:600 stretch:100 src index:0) source: https://fonts.gstatic.com/s/chakrapetch/v13/cIflMapbsEk7TDLdtEz1BwkeQI51R5_F.woff2"] @ :28
[    3654ms] [WARNING] [JavaScript Warning: "Loading failed for the <script> with source “https://static.cloudflareinsights.com/beacon.min.js/v8c78df7c7c0f484497ecbca7046644da1771523124516”." {file: "https://trio.catmanbeats.com/" line: 435}] @ https://trio.catmanbeats.com/:435
[    3771ms] [ERROR] [JavaScript Error: "Content-Security-Policy: The page’s settings blocked an inline script (script-src-elem) from being executed because it violates the following directive: “script-src 'self' https://accounts.google.com https://apis.google.com”. Consider using a hash ('sha256-6y/NAM97sjR2cg0g9WaS1+JtEeUUShtMLksYa/yTpTo=') or a nonce." {file: "https://trio.catmanbeats.com/" line: 100}] @ https://trio.catmanbeats.com/:100
[    3772ms] [ERROR] [JavaScript Error: "Content-Security-Policy: The page’s settings blocked a script (script-src-elem) at https://static.cloudflareinsights.com/beacon.min.js/v8c78df7c7c0f484497ecbca7046644da1771523124516 from being executed because it violates the following directive: “script-src 'self' https://accounts.google.com https://apis.google.com”" {file: "https://trio.catmanbeats.com/" line: 0}] @ https://trio.catmanbeats.com/:0
[   45762ms] [WARNING] [JavaScript Warning: "Loading failed for the <script> with source “https://static.cloudflareinsights.com/beacon.min.js/v8c78df7c7c0f484497ecbca7046644da1771523124516”." {file: "https://trio.catmanbeats.com/" line: 435}] @ https://trio.catmanbeats.com/:435
[   45763ms] [ERROR] [JavaScript Error: "Content-Security-Policy: The page’s settings blocked an inline script (script-src-elem) from being executed because it violates the following directive: “script-src 'self' https://accounts.google.com https://apis.google.com”. Consider using a hash ('sha256-6y/NAM97sjR2cg0g9WaS1+JtEeUUShtMLksYa/yTpTo=') or a nonce." {file: "https://trio.catmanbeats.com/" line: 100}] @ https://trio.catmanbeats.com/:100
[   45768ms] [ERROR] [JavaScript Error: "Content-Security-Policy: The page’s settings blocked a script (script-src-elem) at https://static.cloudflareinsights.com/beacon.min.js/v8c78df7c7c0f484497ecbca7046644da1771523124516 from being executed because it violates the following directive: “script-src 'self' https://accounts.google.com https://apis.google.com”" {file: "https://trio.catmanbeats.com/" line: 0}] @ https://trio.catmanbeats.com/:0
[   45824ms] [WARNING] [JavaScript Warning: "downloadable font: maxp: Bad maxZones: 0 (font-family: "Chakra Petch" style:normal weight:600 stretch:100 src index:0) source: https://fonts.gstatic.com/s/chakrapetch/v13/cIflMapbsEk7TDLdtEz1BwkeQI51R5_F.woff2"] @ :28
[   46297ms] [WARNING] Drive sync failed, using local cache Error @ https://trio.catmanbeats.com/js/sync.js?v=20.10:431
[   46328ms] [WARNING] Drive sync failed, using local cache Error @ https://trio.catmanbeats.com/js/sync.js?v=20.06:431
[   52641ms] [WARNING] Drive sync failed, using local cache Error @ https://trio.catmanbeats.com/js/sync.js?v=20.10:431
[   52642ms] [WARNING] Drive sync failed, using local cache Error @ https://trio.catmanbeats.com/js/sync.js?v=20.06:431
[   56981ms] [WARNING] [JavaScript Warning: "Loading failed for the <script> with source “https://static.cloudflareinsights.com/beacon.min.js/v8c78df7c7c0f484497ecbca7046644da1771523124516”." {file: "https://trio.catmanbeats.com/" line: 435}] @ https://trio.catmanbeats.com/:435
[   56982ms] [ERROR] [JavaScript Error: "Content-Security-Policy: The page’s settings blocked an inline script (script-src-elem) from being executed because it violates the following directive: “script-src 'self' https://accounts.google.com https://apis.google.com”. Consider using a hash ('sha256-6y/NAM97sjR2cg0g9WaS1+JtEeUUShtMLksYa/yTpTo=') or a nonce." {file: "https://trio.catmanbeats.com/" line: 100}] @ https://trio.catmanbeats.com/:100
[   56985ms] [ERROR] [JavaScript Error: "Content-Security-Policy: The page’s settings blocked a script (script-src-elem) at https://static.cloudflareinsights.com/beacon.min.js/v8c78df7c7c0f484497ecbca7046644da1771523124516 from being executed because it violates the following directive: “script-src 'self' https://accounts.google.com https://apis.google.com”" {file: "https://trio.catmanbeats.com/" line: 0}] @ https://trio.catmanbeats.com/:0
[   63405ms] AbortError: Skipped ViewTransition due to another transition starting
    at showView (https://trio.catmanbeats.com/js/router.js?v=20.10:176:20)
    at renderDashboard (https://trio.catmanbeats.com/js/dashboard.js?v=20.07:34:10)
    at renderDashboard (https://trio.catmanbeats.com/app.js?v=20.10:838:42)
    at init/< (https://trio.catmanbeats.com/app.js?v=20.10:1231:9)
    at EventListener.handleEvent*init (https://trio.catmanbeats.com/app.js?v=20.10:1227:45)
    at async* (https://trio.catmanbeats.com/app.js?v=20.10:1918:3)
    at EventListener.handleEvent* (https://trio.catmanbeats.com/app.js?v=20.10:1891:10)
[  242375ms] [WARNING] [JavaScript Warning: "Loading failed for the <script> with source “https://static.cloudflareinsights.com/beacon.min.js/v8c78df7c7c0f484497ecbca7046644da1771523124516”." {file: "https://trio.catmanbeats.com/" line: 435}] @ https://trio.catmanbeats.com/:435
[  242376ms] [ERROR] [JavaScript Error: "Content-Security-Policy: The page’s settings blocked an inline script (script-src-elem) from being executed because it violates the following directive: “script-src 'self' https://accounts.google.com https://apis.google.com”. Consider using a hash ('sha256-6y/NAM97sjR2cg0g9WaS1+JtEeUUShtMLksYa/yTpTo=') or a nonce." {file: "https://trio.catmanbeats.com/" line: 100}] @ https://trio.catmanbeats.com/:100
[  242377ms] [ERROR] [JavaScript Error: "Content-Security-Policy: The page’s settings blocked a script (script-src-elem) at https://static.cloudflareinsights.com/beacon.min.js/v8c78df7c7c0f484497ecbca7046644da1771523124516 from being executed because it violates the following directive: “script-src 'self' https://accounts.google.com https://apis.google.com”" {file: "https://trio.catmanbeats.com/" line: 0}] @ https://trio.catmanbeats.com/:0
[  242460ms] [WARNING] Drive sync failed, using local cache Error @ https://trio.catmanbeats.com/js/sync.js?v=20.07:431
[  242489ms] [WARNING] [JavaScript Warning: "downloadable font: maxp: Bad maxZones: 0 (font-family: "Chakra Petch" style:normal weight:600 stretch:100 src index:0) source: https://fonts.gstatic.com/s/chakrapetch/v13/cIflMapbsEk7TDLdtEz1BwkeQI51R5_F.woff2"] @ :28
