[     228ms] [ERROR] [JavaScript Error: "Content-Security-Policy: The page’s settings blocked an inline script (script-src-elem) from being executed because it violates the following directive: “script-src 'self' https://accounts.google.com https://apis.google.com”. Consider using a hash ('sha256-6y/NAM97sjR2cg0g9WaS1+JtEeUUShtMLksYa/yTpTo=') or a nonce." {file: "http://localhost:8080/" line: 100}] @ http://localhost:8080/:100
[   25634ms] [WARNING] [JavaScript Warning: "downloadable font: Glyph bbox was incorrect (glyph ids 11 12 16 18 21 23 36 37 38 39 40 41 42 43 48 51 54 55 58 68 69 71 72 73 74 75 76 77 79 80 81 82 83 85 86 87 88 91) (font-family: "g_d0_f2" style:normal weight:400 stretch:100 src index:0) source: (invalid URI)"] @ :0
[   25827ms] [WARNING] [JavaScript Warning: "downloadable font: OS/2: Adjusting head.macStyle (regular) to match fsSelection (font-family: "g_d1_f1" style:normal weight:400 stretch:100 src index:0) source: (invalid URI)"] @ :0
[   25836ms] [WARNING] [JavaScript Warning: "downloadable font: OS/2: Adjusting head.macStyle (regular) to match fsSelection (font-family: "g_d3_f1" style:normal weight:400 stretch:100 src index:0) source: (invalid URI)"] @ :0
[   25837ms] [WARNING] [JavaScript Warning: "downloadable font: OS/2: Adjusting head.macStyle (regular) to match fsSelection (font-family: "g_d1_f2" style:normal weight:400 stretch:100 src index:0) source: (invalid URI)"] @ :0
[   25840ms] [WARNING] [JavaScript Warning: "downloadable font: OS/2: Adjusting head.macStyle (italic) to match fsSelection (font-family: "g_d3_f2" style:normal weight:400 stretch:100 src index:0) source: (invalid URI)"] @ :0
[   25844ms] [WARNING] [JavaScript Warning: "downloadable font: OS/2: Adjusting head.macStyle (regular) to match fsSelection (font-family: "g_d1_f3" style:normal weight:400 stretch:100 src index:0) source: (invalid URI)"] @ :0
[   25850ms] [WARNING] [JavaScript Warning: "downloadable font: OS/2: Adjusting head.macStyle (regular) to match fsSelection (font-family: "g_d1_f4" style:normal weight:400 stretch:100 src index:0) source: (invalid URI)"] @ :0
[   25853ms] [WARNING] [JavaScript Warning: "downloadable font: OS/2: Adjusting head.macStyle (regular) to match fsSelection (font-family: "g_d3_f3" style:normal weight:400 stretch:100 src index:0) source: (invalid URI)"] @ :0
[   25854ms] [WARNING] [JavaScript Warning: "downloadable font: Glyph bbox was incorrect (glyph ids 6 11 12 16 18 21 23 36 37 38 39 40 41 42 43 48 51 54 55 68 70 71 72 73 74 76 77 80 81 82 83 85 86 87 88 90) (font-family: "g_d2_f2" style:normal weight:400 stretch:100 src index:0) source: (invalid URI)"] @ :0
[   25855ms] [WARNING] [JavaScript Warning: "downloadable font: OS/2: Adjusting head.macStyle (italic) to match fsSelection (font-family: "g_d1_f6" style:normal weight:400 stretch:100 src index:0) source: (invalid URI)"] @ :0
[   25860ms] [WARNING] [JavaScript Warning: "downloadable font: OS/2: Adjusting head.macStyle (regular) to match fsSelection (font-family: "g_d1_f7" style:normal weight:400 stretch:100 src index:0) source: (invalid URI)"] @ :0
[   25924ms] [WARNING] [JavaScript Warning: "downloadable font: OS/2: Adjusting head.macStyle (regular) to match fsSelection (font-family: "g_d3_f4" style:normal weight:400 stretch:100 src index:0) source: (invalid URI)"] @ :0
[   25925ms] [WARNING] [JavaScript Warning: "downloadable font: OS/2: Adjusting head.macStyle (regular) to match fsSelection (font-family: "g_d3_f5" style:normal weight:400 stretch:100 src index:0) source: (invalid URI)"] @ :0
[   25993ms] [WARNING] [JavaScript Warning: "downloadable font: Glyph bbox was incorrect (glyph ids 16 17 18 21 23 36 37 38 39 40 41 42 43 44 47 48 49 50 51 53 54 55 56 59 60 62 64 68 69 70 71 72 73 75 76 77 78 79 80 81 82 83 85 86 87 88 91 92 93) (font-family: "g_d4_f2" style:normal weight:400 stretch:100 src index:0) source: (invalid URI)"] @ :0
[   30518ms] [ERROR] [JavaScript Error: "Cross-Origin Request Blocked: The Same Origin Policy disallows reading the remote resource at https://catman-api.catmandabomb.workers.dev/data/changes. (Reason: CORS request did not succeed). Status code: (null)."] @ :0
[  285900ms] [WARNING] [JavaScript Warning: "Feature Policy: Skipping unsupported feature name “accelerometer”." {file: "http://localhost:8080/js/practice.js?v=20.11" line: 898}] @ http://localhost:8080/js/practice.js?v=20.11:898
[  285901ms] [WARNING] [JavaScript Warning: "Feature Policy: Skipping unsupported feature name “autoplay”." {file: "http://localhost:8080/js/practice.js?v=20.11" line: 898}] @ http://localhost:8080/js/practice.js?v=20.11:898
[  285901ms] [WARNING] [JavaScript Warning: "Feature Policy: Skipping unsupported feature name “clipboard-write”." {file: "http://localhost:8080/js/practice.js?v=20.11" line: 898}] @ http://localhost:8080/js/practice.js?v=20.11:898
[  285901ms] [WARNING] [JavaScript Warning: "Feature Policy: Skipping unsupported feature name “encrypted-media”." {file: "http://localhost:8080/js/practice.js?v=20.11" line: 898}] @ http://localhost:8080/js/practice.js?v=20.11:898
[  285902ms] [WARNING] [JavaScript Warning: "Feature Policy: Skipping unsupported feature name “gyroscope”." {file: "http://localhost:8080/js/practice.js?v=20.11" line: 898}] @ http://localhost:8080/js/practice.js?v=20.11:898
[  285902ms] [WARNING] [JavaScript Warning: "Feature Policy: Skipping unsupported feature name “picture-in-picture”." {file: "http://localhost:8080/js/practice.js?v=20.11" line: 898}] @ http://localhost:8080/js/practice.js?v=20.11:898
[  285903ms] [WARNING] [JavaScript Warning: "Feature Policy: Skipping unsupported feature name “autoplay”." {file: "http://localhost:8080/js/practice.js?v=20.11" line: 898}] @ http://localhost:8080/js/practice.js?v=20.11:898
[  285903ms] [WARNING] [JavaScript Warning: "Feature Policy: Skipping unsupported feature name “clipboard-write”." {file: "http://localhost:8080/js/practice.js?v=20.11" line: 898}] @ http://localhost:8080/js/practice.js?v=20.11:898
[  285903ms] [WARNING] [JavaScript Warning: "Feature Policy: Skipping unsupported feature name “encrypted-media”." {file: "http://localhost:8080/js/practice.js?v=20.11" line: 898}] @ http://localhost:8080/js/practice.js?v=20.11:898
[  285904ms] [WARNING] [JavaScript Warning: "Feature Policy: Skipping unsupported feature name “picture-in-picture”." {file: "http://localhost:8080/js/practice.js?v=20.11" line: 898}] @ http://localhost:8080/js/practice.js?v=20.11:898
[  285904ms] [WARNING] [JavaScript Warning: "Feature Policy: Skipping unsupported feature name “accelerometer”." {file: "http://localhost:8080/js/practice.js?v=20.11" line: 898}] @ http://localhost:8080/js/practice.js?v=20.11:898
[  285906ms] [WARNING] [JavaScript Warning: "Feature Policy: Skipping unsupported feature name “autoplay”." {file: "http://localhost:8080/js/practice.js?v=20.11" line: 898}] @ http://localhost:8080/js/practice.js?v=20.11:898
[  285907ms] [WARNING] [JavaScript Warning: "Feature Policy: Skipping unsupported feature name “clipboard-write”." {file: "http://localhost:8080/js/practice.js?v=20.11" line: 898}] @ http://localhost:8080/js/practice.js?v=20.11:898
[  285907ms] [WARNING] [JavaScript Warning: "Feature Policy: Skipping unsupported feature name “encrypted-media”." {file: "http://localhost:8080/js/practice.js?v=20.11" line: 898}] @ http://localhost:8080/js/practice.js?v=20.11:898
[  285907ms] [WARNING] [JavaScript Warning: "Feature Policy: Skipping unsupported feature name “gyroscope”." {file: "http://localhost:8080/js/practice.js?v=20.11" line: 898}] @ http://localhost:8080/js/practice.js?v=20.11:898
[  285908ms] [WARNING] [JavaScript Warning: "Feature Policy: Skipping unsupported feature name “picture-in-picture”." {file: "http://localhost:8080/js/practice.js?v=20.11" line: 898}] @ http://localhost:8080/js/practice.js?v=20.11:898
[  285908ms] [WARNING] [JavaScript Warning: "Feature Policy: Skipping unsupported feature name “autoplay”." {file: "http://localhost:8080/js/practice.js?v=20.11" line: 898}] @ http://localhost:8080/js/practice.js?v=20.11:898
[  285908ms] [WARNING] [JavaScript Warning: "Feature Policy: Skipping unsupported feature name “clipboard-write”." {file: "http://localhost:8080/js/practice.js?v=20.11" line: 898}] @ http://localhost:8080/js/practice.js?v=20.11:898
[  285908ms] [WARNING] [JavaScript Warning: "Feature Policy: Skipping unsupported feature name “encrypted-media”." {file: "http://localhost:8080/js/practice.js?v=20.11" line: 898}] @ http://localhost:8080/js/practice.js?v=20.11:898
[  285908ms] [WARNING] [JavaScript Warning: "Feature Policy: Skipping unsupported feature name “picture-in-picture”." {file: "http://localhost:8080/js/practice.js?v=20.11" line: 898}] @ http://localhost:8080/js/practice.js?v=20.11:898
[  359776ms] [WARNING] [JavaScript Warning: "Feature Policy: Skipping unsupported feature name “accelerometer”." {file: "http://localhost:8080/js/practice.js?v=20.11" line: 898}] @ http://localhost:8080/js/practice.js?v=20.11:898
[  359776ms] [WARNING] [JavaScript Warning: "Feature Policy: Skipping unsupported feature name “autoplay”." {file: "http://localhost:8080/js/practice.js?v=20.11" line: 898}] @ http://localhost:8080/js/practice.js?v=20.11:898
[  359776ms] [WARNING] [JavaScript Warning: "Feature Policy: Skipping unsupported feature name “clipboard-write”." {file: "http://localhost:8080/js/practice.js?v=20.11" line: 898}] @ http://localhost:8080/js/practice.js?v=20.11:898
[  359777ms] [WARNING] [JavaScript Warning: "Feature Policy: Skipping unsupported feature name “encrypted-media”." {file: "http://localhost:8080/js/practice.js?v=20.11" line: 898}] @ http://localhost:8080/js/practice.js?v=20.11:898
[  359777ms] [WARNING] [JavaScript Warning: "Feature Policy: Skipping unsupported feature name “gyroscope”." {file: "http://localhost:8080/js/practice.js?v=20.11" line: 898}] @ http://localhost:8080/js/practice.js?v=20.11:898
[  359777ms] [WARNING] [JavaScript Warning: "Feature Policy: Skipping unsupported feature name “picture-in-picture”." {file: "http://localhost:8080/js/practice.js?v=20.11" line: 898}] @ http://localhost:8080/js/practice.js?v=20.11:898
[  359777ms] [WARNING] [JavaScript Warning: "Feature Policy: Skipping unsupported feature name “autoplay”." {file: "http://localhost:8080/js/practice.js?v=20.11" line: 898}] @ http://localhost:8080/js/practice.js?v=20.11:898
[  359778ms] [WARNING] [JavaScript Warning: "Feature Policy: Skipping unsupported feature name “clipboard-write”." {file: "http://localhost:8080/js/practice.js?v=20.11" line: 898}] @ http://localhost:8080/js/practice.js?v=20.11:898
[  359778ms] [WARNING] [JavaScript Warning: "Feature Policy: Skipping unsupported feature name “encrypted-media”." {file: "http://localhost:8080/js/practice.js?v=20.11" line: 898}] @ http://localhost:8080/js/practice.js?v=20.11:898
[  359778ms] [WARNING] [JavaScript Warning: "Feature Policy: Skipping unsupported feature name “picture-in-picture”." {file: "http://localhost:8080/js/practice.js?v=20.11" line: 898}] @ http://localhost:8080/js/practice.js?v=20.11:898
[  359779ms] [WARNING] [JavaScript Warning: "Feature Policy: Skipping unsupported feature name “accelerometer”." {file: "http://localhost:8080/js/practice.js?v=20.11" line: 898}] @ http://localhost:8080/js/practice.js?v=20.11:898
[  359779ms] [WARNING] [JavaScript Warning: "Feature Policy: Skipping unsupported feature name “autoplay”." {file: "http://localhost:8080/js/practice.js?v=20.11" line: 898}] @ http://localhost:8080/js/practice.js?v=20.11:898
[  359780ms] [WARNING] [JavaScript Warning: "Feature Policy: Skipping unsupported feature name “clipboard-write”." {file: "http://localhost:8080/js/practice.js?v=20.11" line: 898}] @ http://localhost:8080/js/practice.js?v=20.11:898
[  359780ms] [WARNING] [JavaScript Warning: "Feature Policy: Skipping unsupported feature name “encrypted-media”." {file: "http://localhost:8080/js/practice.js?v=20.11" line: 898}] @ http://localhost:8080/js/practice.js?v=20.11:898
[  359780ms] [WARNING] [JavaScript Warning: "Feature Policy: Skipping unsupported feature name “gyroscope”." {file: "http://localhost:8080/js/practice.js?v=20.11" line: 898}] @ http://localhost:8080/js/practice.js?v=20.11:898
[  359780ms] [WARNING] [JavaScript Warning: "Feature Policy: Skipping unsupported feature name “picture-in-picture”." {file: "http://localhost:8080/js/practice.js?v=20.11" line: 898}] @ http://localhost:8080/js/practice.js?v=20.11:898
[  359780ms] [WARNING] [JavaScript Warning: "Feature Policy: Skipping unsupported feature name “autoplay”." {file: "http://localhost:8080/js/practice.js?v=20.11" line: 898}] @ http://localhost:8080/js/practice.js?v=20.11:898
[  359781ms] [WARNING] [JavaScript Warning: "Feature Policy: Skipping unsupported feature name “clipboard-write”." {file: "http://localhost:8080/js/practice.js?v=20.11" line: 898}] @ http://localhost:8080/js/practice.js?v=20.11:898
[  359781ms] [WARNING] [JavaScript Warning: "Feature Policy: Skipping unsupported feature name “encrypted-media”." {file: "http://localhost:8080/js/practice.js?v=20.11" line: 898}] @ http://localhost:8080/js/practice.js?v=20.11:898
[  359781ms] [WARNING] [JavaScript Warning: "Feature Policy: Skipping unsupported feature name “picture-in-picture”." {file: "http://localhost:8080/js/practice.js?v=20.11" line: 898}] @ http://localhost:8080/js/practice.js?v=20.11:898
