[     185ms] [ERROR] [JavaScript Error: "The resource from “https://fonts.googleapis.com/css2?family=Inter:opsz,wght@14..32,400;500;600;700&display=swap” was blocked due to MIME type (“text/html”) mismatch (X-Content-Type-Options: nosniff)." {file: "http://localhost:8080/" line: 0}] @ http://localhost:8080/:0
[     217ms] [ERROR] [JavaScript Error: "Content-Security-Policy: The page’s settings blocked an inline script (script-src-elem) from being executed because it violates the following directive: “script-src 'self' https://accounts.google.com https://apis.google.com”. Consider using a hash ('sha256-6y/NAM97sjR2cg0g9WaS1+JtEeUUShtMLksYa/yTpTo=') or a nonce." {file: "http://localhost:8080/" line: 100}] @ http://localhost:8080/:100
[    2371ms] [ERROR] [JavaScript Error: "Content-Security-Policy: The page’s settings blocked an inline script (script-src-elem) from being executed because it violates the following directive: “script-src 'self' https://accounts.google.com https://apis.google.com”. Consider using a hash ('sha256-6y/NAM97sjR2cg0g9WaS1+JtEeUUShtMLksYa/yTpTo=') or a nonce." {file: "http://localhost:8080/" line: 100}] @ http://localhost:8080/:100
[   11273ms] [WARNING] [JavaScript Warning: "Feature Policy: Skipping unsupported feature name “accelerometer”." {file: "http://localhost:8080/js/practice.js?v=20.11" line: 977}] @ http://localhost:8080/js/practice.js?v=20.11:977
[   11273ms] [WARNING] [JavaScript Warning: "Feature Policy: Skipping unsupported feature name “autoplay”." {file: "http://localhost:8080/js/practice.js?v=20.11" line: 977}] @ http://localhost:8080/js/practice.js?v=20.11:977
[   11273ms] [WARNING] [JavaScript Warning: "Feature Policy: Skipping unsupported feature name “clipboard-write”." {file: "http://localhost:8080/js/practice.js?v=20.11" line: 977}] @ http://localhost:8080/js/practice.js?v=20.11:977
[   11274ms] [WARNING] [JavaScript Warning: "Feature Policy: Skipping unsupported feature name “encrypted-media”." {file: "http://localhost:8080/js/practice.js?v=20.11" line: 977}] @ http://localhost:8080/js/practice.js?v=20.11:977
[   11274ms] [WARNING] [JavaScript Warning: "Feature Policy: Skipping unsupported feature name “gyroscope”." {file: "http://localhost:8080/js/practice.js?v=20.11" line: 977}] @ http://localhost:8080/js/practice.js?v=20.11:977
[   11274ms] [WARNING] [JavaScript Warning: "Feature Policy: Skipping unsupported feature name “picture-in-picture”." {file: "http://localhost:8080/js/practice.js?v=20.11" line: 977}] @ http://localhost:8080/js/practice.js?v=20.11:977
[   11275ms] [WARNING] [JavaScript Warning: "Feature Policy: Skipping unsupported feature name “autoplay”." {file: "http://localhost:8080/js/practice.js?v=20.11" line: 977}] @ http://localhost:8080/js/practice.js?v=20.11:977
[   11278ms] [WARNING] [JavaScript Warning: "Feature Policy: Skipping unsupported feature name “clipboard-write”." {file: "http://localhost:8080/js/practice.js?v=20.11" line: 977}] @ http://localhost:8080/js/practice.js?v=20.11:977
[   11278ms] [WARNING] [JavaScript Warning: "Feature Policy: Skipping unsupported feature name “encrypted-media”." {file: "http://localhost:8080/js/practice.js?v=20.11" line: 977}] @ http://localhost:8080/js/practice.js?v=20.11:977
[   11279ms] [WARNING] [JavaScript Warning: "Feature Policy: Skipping unsupported feature name “picture-in-picture”." {file: "http://localhost:8080/js/practice.js?v=20.11" line: 977}] @ http://localhost:8080/js/practice.js?v=20.11:977
[   11279ms] [WARNING] [JavaScript Warning: "Feature Policy: Skipping unsupported feature name “accelerometer”." {file: "http://localhost:8080/js/practice.js?v=20.11" line: 977}] @ http://localhost:8080/js/practice.js?v=20.11:977
[   11279ms] [WARNING] [JavaScript Warning: "Feature Policy: Skipping unsupported feature name “autoplay”." {file: "http://localhost:8080/js/practice.js?v=20.11" line: 977}] @ http://localhost:8080/js/practice.js?v=20.11:977
[   11279ms] [WARNING] [JavaScript Warning: "Feature Policy: Skipping unsupported feature name “clipboard-write”." {file: "http://localhost:8080/js/practice.js?v=20.11" line: 977}] @ http://localhost:8080/js/practice.js?v=20.11:977
[   11279ms] [WARNING] [JavaScript Warning: "Feature Policy: Skipping unsupported feature name “encrypted-media”." {file: "http://localhost:8080/js/practice.js?v=20.11" line: 977}] @ http://localhost:8080/js/practice.js?v=20.11:977
[   11280ms] [WARNING] [JavaScript Warning: "Feature Policy: Skipping unsupported feature name “gyroscope”." {file: "http://localhost:8080/js/practice.js?v=20.11" line: 977}] @ http://localhost:8080/js/practice.js?v=20.11:977
[   11280ms] [WARNING] [JavaScript Warning: "Feature Policy: Skipping unsupported feature name “picture-in-picture”." {file: "http://localhost:8080/js/practice.js?v=20.11" line: 977}] @ http://localhost:8080/js/practice.js?v=20.11:977
[   11280ms] [WARNING] [JavaScript Warning: "Feature Policy: Skipping unsupported feature name “autoplay”." {file: "http://localhost:8080/js/practice.js?v=20.11" line: 977}] @ http://localhost:8080/js/practice.js?v=20.11:977
[   11280ms] [WARNING] [JavaScript Warning: "Feature Policy: Skipping unsupported feature name “clipboard-write”." {file: "http://localhost:8080/js/practice.js?v=20.11" line: 977}] @ http://localhost:8080/js/practice.js?v=20.11:977
[   11281ms] [WARNING] [JavaScript Warning: "Feature Policy: Skipping unsupported feature name “encrypted-media”." {file: "http://localhost:8080/js/practice.js?v=20.11" line: 977}] @ http://localhost:8080/js/practice.js?v=20.11:977
[   11281ms] [WARNING] [JavaScript Warning: "Feature Policy: Skipping unsupported feature name “picture-in-picture”." {file: "http://localhost:8080/js/practice.js?v=20.11" line: 977}] @ http://localhost:8080/js/practice.js?v=20.11:977
