[     567ms] [WARNING] [JavaScript Warning: "Loading failed for the <script> with source “https://static.cloudflareinsights.com/beacon.min.js/v8c78df7c7c0f484497ecbca7046644da1771523124516”." {file: "https://trio.catmanbeats.com/" line: 413}] @ https://trio.catmanbeats.com/:413
[     569ms] [ERROR] [JavaScript Error: "Content-Security-Policy: The page’s settings blocked a script (script-src-elem) at https://static.cloudflareinsights.com/beacon.min.js/v8c78df7c7c0f484497ecbca7046644da1771523124516 from being executed because it violates the following directive: “script-src 'self' https://accounts.google.com https://apis.google.com”" {file: "https://trio.catmanbeats.com/" line: 0}] @ https://trio.catmanbeats.com/:0
[     589ms] [WARNING] [JavaScript Warning: "downloadable font: maxp: Bad maxZones: 0 (font-family: "Chakra Petch" style:normal weight:600 stretch:100 src index:0) source: https://fonts.gstatic.com/s/chakrapetch/v13/cIflMapbsEk7TDLdtEz1BwkeQI51R5_F.woff2"] @ :28
[   41667ms] [WARNING] [JavaScript Warning: "Loading failed for the <script> with source “https://static.cloudflareinsights.com/beacon.min.js/v8c78df7c7c0f484497ecbca7046644da1771523124516”." {file: "https://trio.catmanbeats.com/" line: 413}] @ https://trio.catmanbeats.com/:413
[   41669ms] [ERROR] [JavaScript Error: "Content-Security-Policy: The page’s settings blocked a script (script-src-elem) at https://static.cloudflareinsights.com/beacon.min.js/v8c78df7c7c0f484497ecbca7046644da1771523124516 from being executed because it violates the following directive: “script-src 'self' https://accounts.google.com https://apis.google.com”" {file: "https://trio.catmanbeats.com/" line: 0}] @ https://trio.catmanbeats.com/:0
[   41683ms] [WARNING] [JavaScript Warning: "downloadable font: maxp: Bad maxZones: 0 (font-family: "Chakra Petch" style:normal weight:600 stretch:100 src index:0) source: https://fonts.gstatic.com/s/chakrapetch/v13/cIflMapbsEk7TDLdtEz1BwkeQI51R5_F.woff2"] @ :28
[ 1253220ms] [WARNING] [JavaScript Warning: "Loading failed for the <script> with source “https://static.cloudflareinsights.com/beacon.min.js/v8c78df7c7c0f484497ecbca7046644da1771523124516”." {file: "https://trio.catmanbeats.com/#dashboard" line: 413}] @ https://trio.catmanbeats.com/#dashboard:413
[ 1253228ms] [ERROR] [JavaScript Error: "Content-Security-Policy: The page’s settings blocked a script (script-src-elem) at https://static.cloudflareinsights.com/beacon.min.js/v8c78df7c7c0f484497ecbca7046644da1771523124516 from being executed because it violates the following directive: “script-src 'self' https://accounts.google.com https://apis.google.com”" {file: "https://trio.catmanbeats.com/#dashboard" line: 0}] @ https://trio.catmanbeats.com/#dashboard:0
[ 1253323ms] [WARNING] [JavaScript Warning: "downloadable font: maxp: Bad maxZones: 0 (font-family: "Chakra Petch" style:normal weight:600 stretch:100 src index:0) source: https://fonts.gstatic.com/s/chakrapetch/v13/cIflMapbsEk7TDLdtEz1BwkeQI51R5_F.woff2"] @ :28
[ 1254870ms] [WARNING] [JavaScript Warning: "Loading failed for the <script> with source “https://static.cloudflareinsights.com/beacon.min.js/v8c78df7c7c0f484497ecbca7046644da1771523124516”." {file: "https://trio.catmanbeats.com/#dashboard" line: 413}] @ https://trio.catmanbeats.com/#dashboard:413
[ 1254875ms] [ERROR] [JavaScript Error: "Content-Security-Policy: The page’s settings blocked a script (script-src-elem) at https://static.cloudflareinsights.com/beacon.min.js/v8c78df7c7c0f484497ecbca7046644da1771523124516 from being executed because it violates the following directive: “script-src 'self' https://accounts.google.com https://apis.google.com”" {file: "https://trio.catmanbeats.com/#dashboard" line: 0}] @ https://trio.catmanbeats.com/#dashboard:0
[ 1254941ms] [WARNING] [JavaScript Warning: "downloadable font: maxp: Bad maxZones: 0 (font-family: "Chakra Petch" style:normal weight:600 stretch:100 src index:0) source: https://fonts.gstatic.com/s/chakrapetch/v13/cIflMapbsEk7TDLdtEz1BwkeQI51R5_F.woff2"] @ :28
[ 1275415ms] AbortError: Skipped ViewTransition due to another transition starting
    at showView (https://trio.catmanbeats.com/js/router.js?v=20.04:168:20)
    at renderDashboard (https://trio.catmanbeats.com/js/dashboard.js?v=20.04:34:10)
    at renderDashboard (https://trio.catmanbeats.com/app.js?v=20.06:838:42)
    at init/< (https://trio.catmanbeats.com/app.js?v=20.06:1231:9)
    at EventListener.handleEvent*init (https://trio.catmanbeats.com/app.js?v=20.06:1227:45)
    at async* (https://trio.catmanbeats.com/app.js?v=20.06:1918:3)
    at EventListener.handleEvent* (https://trio.catmanbeats.com/app.js?v=20.06:1891:10)
[ 1281077ms] [WARNING] [JavaScript Warning: "Loading failed for the <script> with source “https://static.cloudflareinsights.com/beacon.min.js/v8c78df7c7c0f484497ecbca7046644da1771523124516”." {file: "https://trio.catmanbeats.com/" line: 413}] @ https://trio.catmanbeats.com/:413
[ 1281078ms] [ERROR] [JavaScript Error: "Content-Security-Policy: The page’s settings blocked a script (script-src-elem) at https://static.cloudflareinsights.com/beacon.min.js/v8c78df7c7c0f484497ecbca7046644da1771523124516 from being executed because it violates the following directive: “script-src 'self' https://accounts.google.com https://apis.google.com”" {file: "https://trio.catmanbeats.com/" line: 0}] @ https://trio.catmanbeats.com/:0
[ 1281167ms] [WARNING] [JavaScript Warning: "downloadable font: maxp: Bad maxZones: 0 (font-family: "Chakra Petch" style:normal weight:600 stretch:100 src index:0) source: https://fonts.gstatic.com/s/chakrapetch/v13/cIflMapbsEk7TDLdtEz1BwkeQI51R5_F.woff2"] @ :28
[ 1285625ms] [WARNING] [JavaScript Warning: "Loading failed for the <script> with source “https://static.cloudflareinsights.com/beacon.min.js/v8c78df7c7c0f484497ecbca7046644da1771523124516”." {file: "https://trio.catmanbeats.com/" line: 413}] @ https://trio.catmanbeats.com/:413
[ 1285626ms] [ERROR] [JavaScript Error: "Content-Security-Policy: The page’s settings blocked a script (script-src-elem) at https://static.cloudflareinsights.com/beacon.min.js/v8c78df7c7c0f484497ecbca7046644da1771523124516 from being executed because it violates the following directive: “script-src 'self' https://accounts.google.com https://apis.google.com”" {file: "https://trio.catmanbeats.com/" line: 0}] @ https://trio.catmanbeats.com/:0
[ 1285702ms] [WARNING] [JavaScript Warning: "downloadable font: maxp: Bad maxZones: 0 (font-family: "Chakra Petch" style:normal weight:600 stretch:100 src index:0) source: https://fonts.gstatic.com/s/chakrapetch/v13/cIflMapbsEk7TDLdtEz1BwkeQI51R5_F.woff2"] @ :28
[ 1371379ms] [WARNING] [JavaScript Warning: "downloadable font: Glyph bbox was incorrect (glyph ids 6 11 12 16 18 21 23 36 37 38 39 40 41 42 43 48 51 54 55 68 70 71 72 73 74 76 77 80 81 82 83 85 86 87 88 90) (font-family: "g_d1_f2" style:normal weight:400 stretch:100 src index:0) source: (invalid URI)"] @ :0
