[     221ms] [ERROR] [JavaScript Error: "InvalidStateError: Skipped ViewTransition due to document being hidden"] @ :0
[     286ms] [ERROR] [JavaScript Error: "The resource from “https://fonts.googleapis.com/css2?family=Inter:opsz,wght@14..32,400;500;600;700&display=swap” was blocked due to MIME type (“text/html”) mismatch (X-Content-Type-Options: nosniff)." {file: "https://trio.catmanbeats.com/" line: 0}] @ https://trio.catmanbeats.com/:0
[     473ms] [WARNING] [JavaScript Warning: "Loading failed for the <script> with source “https://static.cloudflareinsights.com/beacon.min.js/v8c78df7c7c0f484497ecbca7046644da1771523124516”." {file: "https://trio.catmanbeats.com/" line: 413}] @ https://trio.catmanbeats.com/:413
[     473ms] [ERROR] [JavaScript Error: "Content-Security-Policy: The page’s settings blocked a script (script-src-elem) at https://static.cloudflareinsights.com/beacon.min.js/v8c78df7c7c0f484497ecbca7046644da1771523124516 from being executed because it violates the following directive: “script-src 'self' https://accounts.google.com https://apis.google.com”" {file: "https://trio.catmanbeats.com/" line: 0}] @ https://trio.catmanbeats.com/:0
[    3330ms] [WARNING] [JavaScript Warning: "Loading failed for the <script> with source “https://static.cloudflareinsights.com/beacon.min.js/v8c78df7c7c0f484497ecbca7046644da1771523124516”." {file: "https://trio.catmanbeats.com/" line: 413}] @ https://trio.catmanbeats.com/:413
[    3333ms] [ERROR] [JavaScript Error: "Content-Security-Policy: The page’s settings blocked a script (script-src-elem) at https://static.cloudflareinsights.com/beacon.min.js/v8c78df7c7c0f484497ecbca7046644da1771523124516 from being executed because it violates the following directive: “script-src 'self' https://accounts.google.com https://apis.google.com”" {file: "https://trio.catmanbeats.com/" line: 0}] @ https://trio.catmanbeats.com/:0
[   48227ms] [WARNING] [JavaScript Warning: "Loading failed for the <script> with source “https://static.cloudflareinsights.com/beacon.min.js/v8c78df7c7c0f484497ecbca7046644da1771523124516”." {file: "https://trio.catmanbeats.com/" line: 413}] @ https://trio.catmanbeats.com/:413
[   48232ms] [ERROR] [JavaScript Error: "Content-Security-Policy: The page’s settings blocked a script (script-src-elem) at https://static.cloudflareinsights.com/beacon.min.js/v8c78df7c7c0f484497ecbca7046644da1771523124516 from being executed because it violates the following directive: “script-src 'self' https://accounts.google.com https://apis.google.com”" {file: "https://trio.catmanbeats.com/" line: 0}] @ https://trio.catmanbeats.com/:0
[   48251ms] [WARNING] [JavaScript Warning: "downloadable font: maxp: Bad maxZones: 0 (font-family: "Chakra Petch" style:normal weight:600 stretch:100 src index:0) source: https://fonts.gstatic.com/s/chakrapetch/v13/cIflMapbsEk7TDLdtEz1BwkeQI51R5_F.woff2"] @ :28
[   49722ms] [WARNING] [JavaScript Warning: "Loading failed for the <script> with source “https://static.cloudflareinsights.com/beacon.min.js/v8c78df7c7c0f484497ecbca7046644da1771523124516”." {file: "https://trio.catmanbeats.com/" line: 413}] @ https://trio.catmanbeats.com/:413
[   49723ms] [ERROR] [JavaScript Error: "Content-Security-Policy: The page’s settings blocked a script (script-src-elem) at https://static.cloudflareinsights.com/beacon.min.js/v8c78df7c7c0f484497ecbca7046644da1771523124516 from being executed because it violates the following directive: “script-src 'self' https://accounts.google.com https://apis.google.com”" {file: "https://trio.catmanbeats.com/" line: 0}] @ https://trio.catmanbeats.com/:0
[   49856ms] [WARNING] Drive sync failed, using local cache Error @ https://trio.catmanbeats.com/js/sync.js?v=20.06:431
[   49912ms] [WARNING] [JavaScript Warning: "downloadable font: maxp: Bad maxZones: 0 (font-family: "Chakra Petch" style:normal weight:600 stretch:100 src index:0) source: https://fonts.gstatic.com/s/chakrapetch/v13/cIflMapbsEk7TDLdtEz1BwkeQI51R5_F.woff2"] @ :28
[   50973ms] [WARNING] [JavaScript Warning: "Loading failed for the <script> with source “https://static.cloudflareinsights.com/beacon.min.js/v8c78df7c7c0f484497ecbca7046644da1771523124516”." {file: "https://trio.catmanbeats.com/" line: 413}] @ https://trio.catmanbeats.com/:413
[   50978ms] [ERROR] [JavaScript Error: "Content-Security-Policy: The page’s settings blocked a script (script-src-elem) at https://static.cloudflareinsights.com/beacon.min.js/v8c78df7c7c0f484497ecbca7046644da1771523124516 from being executed because it violates the following directive: “script-src 'self' https://accounts.google.com https://apis.google.com”" {file: "https://trio.catmanbeats.com/" line: 0}] @ https://trio.catmanbeats.com/:0
[   51044ms] [WARNING] [JavaScript Warning: "downloadable font: maxp: Bad maxZones: 0 (font-family: "Chakra Petch" style:normal weight:600 stretch:100 src index:0) source: https://fonts.gstatic.com/s/chakrapetch/v13/cIflMapbsEk7TDLdtEz1BwkeQI51R5_F.woff2"] @ :28
[   52525ms] [WARNING] [JavaScript Warning: "Loading failed for the <script> with source “https://static.cloudflareinsights.com/beacon.min.js/v8c78df7c7c0f484497ecbca7046644da1771523124516”." {file: "https://trio.catmanbeats.com/" line: 413}] @ https://trio.catmanbeats.com/:413
[   52526ms] [ERROR] [JavaScript Error: "Content-Security-Policy: The page’s settings blocked a script (script-src-elem) at https://static.cloudflareinsights.com/beacon.min.js/v8c78df7c7c0f484497ecbca7046644da1771523124516 from being executed because it violates the following directive: “script-src 'self' https://accounts.google.com https://apis.google.com”" {file: "https://trio.catmanbeats.com/" line: 0}] @ https://trio.catmanbeats.com/:0
[   52579ms] [WARNING] [JavaScript Warning: "downloadable font: maxp: Bad maxZones: 0 (font-family: "Chakra Petch" style:normal weight:600 stretch:100 src index:0) source: https://fonts.gstatic.com/s/chakrapetch/v13/cIflMapbsEk7TDLdtEz1BwkeQI51R5_F.woff2"] @ :28
[   53834ms] [WARNING] [JavaScript Warning: "Loading failed for the <script> with source “https://static.cloudflareinsights.com/beacon.min.js/v8c78df7c7c0f484497ecbca7046644da1771523124516”." {file: "https://trio.catmanbeats.com/" line: 413}] @ https://trio.catmanbeats.com/:413
[   53835ms] [ERROR] [JavaScript Error: "Content-Security-Policy: The page’s settings blocked a script (script-src-elem) at https://static.cloudflareinsights.com/beacon.min.js/v8c78df7c7c0f484497ecbca7046644da1771523124516 from being executed because it violates the following directive: “script-src 'self' https://accounts.google.com https://apis.google.com”" {file: "https://trio.catmanbeats.com/" line: 0}] @ https://trio.catmanbeats.com/:0
[   53893ms] [WARNING] [JavaScript Warning: "downloadable font: maxp: Bad maxZones: 0 (font-family: "Chakra Petch" style:normal weight:600 stretch:100 src index:0) source: https://fonts.gstatic.com/s/chakrapetch/v13/cIflMapbsEk7TDLdtEz1BwkeQI51R5_F.woff2"] @ :28
[   56107ms] [WARNING] [JavaScript Warning: "Loading failed for the <script> with source “https://static.cloudflareinsights.com/beacon.min.js/v8c78df7c7c0f484497ecbca7046644da1771523124516”." {file: "https://trio.catmanbeats.com/" line: 413}] @ https://trio.catmanbeats.com/:413
[   56108ms] [ERROR] [JavaScript Error: "Content-Security-Policy: The page’s settings blocked a script (script-src-elem) at https://static.cloudflareinsights.com/beacon.min.js/v8c78df7c7c0f484497ecbca7046644da1771523124516 from being executed because it violates the following directive: “script-src 'self' https://accounts.google.com https://apis.google.com”" {file: "https://trio.catmanbeats.com/" line: 0}] @ https://trio.catmanbeats.com/:0
[   56180ms] [WARNING] [JavaScript Warning: "downloadable font: maxp: Bad maxZones: 0 (font-family: "Chakra Petch" style:normal weight:600 stretch:100 src index:0) source: https://fonts.gstatic.com/s/chakrapetch/v13/cIflMapbsEk7TDLdtEz1BwkeQI51R5_F.woff2"] @ :28
[   57312ms] [WARNING] [JavaScript Warning: "Loading failed for the <script> with source “https://static.cloudflareinsights.com/beacon.min.js/v8c78df7c7c0f484497ecbca7046644da1771523124516”." {file: "https://trio.catmanbeats.com/" line: 413}] @ https://trio.catmanbeats.com/:413
[   57313ms] [ERROR] [JavaScript Error: "Content-Security-Policy: The page’s settings blocked a script (script-src-elem) at https://static.cloudflareinsights.com/beacon.min.js/v8c78df7c7c0f484497ecbca7046644da1771523124516 from being executed because it violates the following directive: “script-src 'self' https://accounts.google.com https://apis.google.com”" {file: "https://trio.catmanbeats.com/" line: 0}] @ https://trio.catmanbeats.com/:0
[   57411ms] [WARNING] [JavaScript Warning: "downloadable font: maxp: Bad maxZones: 0 (font-family: "Chakra Petch" style:normal weight:600 stretch:100 src index:0) source: https://fonts.gstatic.com/s/chakrapetch/v13/cIflMapbsEk7TDLdtEz1BwkeQI51R5_F.woff2"] @ :28
[   58609ms] [WARNING] [JavaScript Warning: "Loading failed for the <script> with source “https://static.cloudflareinsights.com/beacon.min.js/v8c78df7c7c0f484497ecbca7046644da1771523124516”." {file: "https://trio.catmanbeats.com/" line: 413}] @ https://trio.catmanbeats.com/:413
[   58610ms] [ERROR] [JavaScript Error: "Content-Security-Policy: The page’s settings blocked a script (script-src-elem) at https://static.cloudflareinsights.com/beacon.min.js/v8c78df7c7c0f484497ecbca7046644da1771523124516 from being executed because it violates the following directive: “script-src 'self' https://accounts.google.com https://apis.google.com”" {file: "https://trio.catmanbeats.com/" line: 0}] @ https://trio.catmanbeats.com/:0
[   58672ms] [WARNING] [JavaScript Warning: "downloadable font: maxp: Bad maxZones: 0 (font-family: "Chakra Petch" style:normal weight:600 stretch:100 src index:0) source: https://fonts.gstatic.com/s/chakrapetch/v13/cIflMapbsEk7TDLdtEz1BwkeQI51R5_F.woff2"] @ :28
[  155956ms] [WARNING] [JavaScript Warning: "downloadable font: Glyph bbox was incorrect (glyph ids 16 17 18 21 23 36 37 38 39 40 41 42 43 44 47 48 49 50 51 53 54 55 56 59 60 62 64 68 69 70 71 72 73 75 76 77 78 79 80 81 82 83 85 86 87 88 91 92 93) (font-family: "g_d0_f2" style:normal weight:400 stretch:100 src index:0) source: (invalid URI)"] @ :0
[  156160ms] [WARNING] [JavaScript Warning: "downloadable font: OS/2: Adjusting head.macStyle (regular) to match fsSelection (font-family: "g_d1_f1" style:normal weight:400 stretch:100 src index:0) source: (invalid URI)"] @ :0
[  156166ms] [WARNING] [JavaScript Warning: "downloadable font: OS/2: Adjusting head.macStyle (italic) to match fsSelection (font-family: "g_d1_f2" style:normal weight:400 stretch:100 src index:0) source: (invalid URI)"] @ :0
[  156174ms] [WARNING] [JavaScript Warning: "downloadable font: OS/2: Adjusting head.macStyle (regular) to match fsSelection (font-family: "g_d1_f3" style:normal weight:400 stretch:100 src index:0) source: (invalid URI)"] @ :0
[  156222ms] [WARNING] [JavaScript Warning: "downloadable font: OS/2: Adjusting head.macStyle (regular) to match fsSelection (font-family: "g_d1_f4" style:normal weight:400 stretch:100 src index:0) source: (invalid URI)"] @ :0
[  156223ms] [WARNING] [JavaScript Warning: "downloadable font: OS/2: Adjusting head.macStyle (regular) to match fsSelection (font-family: "g_d3_f1" style:normal weight:400 stretch:100 src index:0) source: (invalid URI)"] @ :0
[  156227ms] [WARNING] [JavaScript Warning: "downloadable font: Glyph bbox was incorrect (glyph ids 6 11 12 16 18 21 23 36 37 38 39 40 41 42 43 48 51 54 55 68 70 71 72 73 74 76 77 80 81 82 83 85 86 87 88 90) (font-family: "g_d2_f2" style:normal weight:400 stretch:100 src index:0) source: (invalid URI)"] @ :0
[  156236ms] [WARNING] [JavaScript Warning: "downloadable font: OS/2: Adjusting head.macStyle (regular) to match fsSelection (font-family: "g_d3_f2" style:normal weight:400 stretch:100 src index:0) source: (invalid URI)"] @ :0
[  156239ms] [WARNING] [JavaScript Warning: "downloadable font: OS/2: Adjusting head.macStyle (regular) to match fsSelection (font-family: "g_d1_f5" style:normal weight:400 stretch:100 src index:0) source: (invalid URI)"] @ :0
[  156240ms] [WARNING] [JavaScript Warning: "downloadable font: OS/2: Adjusting head.macStyle (regular) to match fsSelection (font-family: "g_d3_f3" style:normal weight:400 stretch:100 src index:0) source: (invalid URI)"] @ :0
[  156241ms] [WARNING] [JavaScript Warning: "downloadable font: OS/2: Adjusting head.macStyle (regular) to match fsSelection (font-family: "g_d3_f4" style:normal weight:400 stretch:100 src index:0) source: (invalid URI)"] @ :0
[  156244ms] [WARNING] [JavaScript Warning: "downloadable font: OS/2: Adjusting head.macStyle (italic) to match fsSelection (font-family: "g_d3_f6" style:normal weight:400 stretch:100 src index:0) source: (invalid URI)"] @ :0
[  156256ms] [WARNING] [JavaScript Warning: "downloadable font: OS/2: Adjusting head.macStyle (regular) to match fsSelection (font-family: "g_d3_f7" style:normal weight:400 stretch:100 src index:0) source: (invalid URI)"] @ :0
[  156433ms] [WARNING] [JavaScript Warning: "downloadable font: Glyph bbox was incorrect (glyph ids 11 12 16 18 21 23 36 37 38 39 40 41 42 43 48 51 54 55 58 68 69 71 72 73 74 75 76 77 79 80 81 82 83 85 86 87 88 91) (font-family: "g_d4_f2" style:normal weight:400 stretch:100 src index:0) source: (invalid URI)"] @ :0
[  191246ms] [ERROR] Live mode chart render error Error @ https://trio.catmanbeats.com/js/setlists.js?v=20.07:1834
[  211999ms] [ERROR] Live mode chart render error Error @ https://trio.catmanbeats.com/js/setlists.js?v=20.07:1834
[  348810ms] [ERROR] Live mode chart render error Error @ https://trio.catmanbeats.com/js/setlists.js?v=20.07:1834
[  614879ms] [WARNING] [JavaScript Warning: "downloadable font: Glyph bbox was incorrect (glyph ids 16 17 18 21 23 36 37 38 39 40 41 42 43 44 47 48 49 50 51 53 54 55 56 59 60 62 64 68 69 70 71 72 73 75 76 77 78 79 80 81 82 83 85 86 87 88 91 92 93) (font-family: "g_d5_f2" style:normal weight:400 stretch:100 src index:0) source: (invalid URI)"] @ :0
[  615082ms] [WARNING] [JavaScript Warning: "downloadable font: OS/2: Adjusting head.macStyle (regular) to match fsSelection (font-family: "g_d8_f1" style:normal weight:400 stretch:100 src index:0) source: (invalid URI)"] @ :0
[  615087ms] [WARNING] [JavaScript Warning: "downloadable font: OS/2: Adjusting head.macStyle (regular) to match fsSelection (font-family: "g_d8_f2" style:normal weight:400 stretch:100 src index:0) source: (invalid URI)"] @ :0
[  615097ms] [WARNING] [JavaScript Warning: "downloadable font: OS/2: Adjusting head.macStyle (regular) to match fsSelection (font-family: "g_d6_f1" style:normal weight:400 stretch:100 src index:0) source: (invalid URI)"] @ :0
[  615098ms] [WARNING] [JavaScript Warning: "downloadable font: OS/2: Adjusting head.macStyle (regular) to match fsSelection (font-family: "g_d8_f3" style:normal weight:400 stretch:100 src index:0) source: (invalid URI)"] @ :0
[  615099ms] [WARNING] [JavaScript Warning: "downloadable font: OS/2: Adjusting head.macStyle (regular) to match fsSelection (font-family: "g_d8_f4" style:normal weight:400 stretch:100 src index:0) source: (invalid URI)"] @ :0
[  615101ms] [WARNING] [JavaScript Warning: "downloadable font: OS/2: Adjusting head.macStyle (italic) to match fsSelection (font-family: "g_d6_f2" style:normal weight:400 stretch:100 src index:0) source: (invalid URI)"] @ :0
[  615105ms] [WARNING] [JavaScript Warning: "downloadable font: Glyph bbox was incorrect (glyph ids 6 11 12 16 18 21 23 36 37 38 39 40 41 42 43 48 51 54 55 68 70 71 72 73 74 76 77 80 81 82 83 85 86 87 88 90) (font-family: "g_d7_f2" style:normal weight:400 stretch:100 src index:0) source: (invalid URI)"] @ :0
[  615111ms] [WARNING] [JavaScript Warning: "downloadable font: OS/2: Adjusting head.macStyle (italic) to match fsSelection (font-family: "g_d8_f6" style:normal weight:400 stretch:100 src index:0) source: (invalid URI)"] @ :0
[  615125ms] [WARNING] [JavaScript Warning: "downloadable font: OS/2: Adjusting head.macStyle (regular) to match fsSelection (font-family: "g_d6_f3" style:normal weight:400 stretch:100 src index:0) source: (invalid URI)"] @ :0
[  615126ms] [WARNING] [JavaScript Warning: "downloadable font: OS/2: Adjusting head.macStyle (regular) to match fsSelection (font-family: "g_d8_f7" style:normal weight:400 stretch:100 src index:0) source: (invalid URI)"] @ :0
[  615186ms] [WARNING] [JavaScript Warning: "downloadable font: OS/2: Adjusting head.macStyle (regular) to match fsSelection (font-family: "g_d6_f4" style:normal weight:400 stretch:100 src index:0) source: (invalid URI)"] @ :0
[  615199ms] [WARNING] [JavaScript Warning: "downloadable font: OS/2: Adjusting head.macStyle (regular) to match fsSelection (font-family: "g_d6_f5" style:normal weight:400 stretch:100 src index:0) source: (invalid URI)"] @ :0
[  615270ms] [WARNING] [JavaScript Warning: "downloadable font: Glyph bbox was incorrect (glyph ids 11 12 16 18 21 23 36 37 38 39 40 41 42 43 48 51 54 55 58 68 69 71 72 73 74 75 76 77 79 80 81 82 83 85 86 87 88 91) (font-family: "g_d9_f2" style:normal weight:400 stretch:100 src index:0) source: (invalid URI)"] @ :0
[  632891ms] [ERROR] Live mode chart render error Error @ debugger eval code line 301 > eval:11
[ 1135600ms] [ERROR] Live mode chart render error Error @ debugger eval code line 301 > eval:11
